{"uuid":"12f17e2b-0b7b-42ff-a7af-da892504ab8a","historyId":"69d6cc1fcf821073cb0030286ed7f3db","fullName":"com.automationexercise.tests.TestCase15.placeOrderRegisterBeforeCheckout","labels":[{"name":"package","value":"com.automationexercise.tests.TestCase15"},{"name":"testClass","value":"com.automationexercise.tests.TestCase15"},{"name":"testMethod","value":"placeOrderRegisterBeforeCheckout"},{"name":"parentSuite","value":"Suite"},{"name":"suite","value":"Test"},{"name":"subSuite","value":"com.automationexercise.tests.TestCase15"},{"name":"host","value":"EGCA2-9RRXSQ3"},{"name":"thread","value":"15228@EGCA2-9RRXSQ3.TestNG-test=Test-1(30)"},{"name":"framework","value":"testng"},{"name":"language","value":"java"},{"name":"story","value":"Place Order: Register before Checkout"},{"name":"epic","value":"Regression Tests"},{"name":"feature","value":"Place Order"},{"name":"severity","value":"critical"}],"links":[],"name":"Test Case 15: Place Order: Register before Checkout","status":"broken","statusDetails":{"known":false,"muted":false,"flaky":false,"message":"Element <select id=\"days\" class=\"form-control\" name=\"days\"> is not clickable at point (251,637) because another element <iframe id=\"aswift_4\" name=\"aswift_4\" src=\"https://googleads.g.doubleclick.net/pagead/html/r20250116/r20190131/zrt_lookup_fy2021.html#RS-0-&adk=1812271801&client=ca-pub-1677597403311019&fa=1&ifi=5&uci=a!5&btvi=4\"> obscures it\nBuild info: version: '4.9.0', revision: 'd7057100a6'\nSystem info: os.name: 'Windows 11', os.arch: 'amd64', os.version: '10.0', java.version: '17.0.9'\nDriver info: org.openqa.selenium.firefox.FirefoxDriver\nCommand: [941e39a9-044e-4430-9735-78fc9acca05e, clickElement {id=7c4cd3b8-e3ed-42a2-8617-7ad0baf6a4dd}]\nCapabilities {acceptInsecureCerts: true, browserName: firefox, browserVersion: 133.0.3, moz:accessibilityChecks: false, moz:buildID: 20241209150345, moz:geckodriverVersion: 0.35.0, moz:headless: true, moz:platformVersion: 10.0, moz:processID: 26620, moz:profile: C:\\Users\\g525585\\AppData\\Lo..., moz:shutdownTimeout: 60000, moz:webdriverClick: true, moz:windowless: false, pageLoadStrategy: normal, platformName: WINDOWS, proxy: Proxy(), setWindowRect: true, strictFileInteractability: false, timeouts: {implicit: 0, pageLoad: 300000, script: 30000}, unhandledPromptBehavior: dismiss and notify, userAgent: Mozilla/5.0 (Windows NT 10....}\nElement: [[[[FirefoxDriver: firefox on WINDOWS (941e39a9-044e-4430-9735-78fc9acca05e)] -> id: days]] -> xpath: .//option[@value = \"1\"]]\nSession ID: 941e39a9-044e-4430-9735-78fc9acca05e","trace":"org.openqa.selenium.ElementClickInterceptedException: Element <select id=\"days\" class=\"form-control\" name=\"days\"> is not clickable at point (251,637) because another element <iframe id=\"aswift_4\" name=\"aswift_4\" src=\"https://googleads.g.doubleclick.net/pagead/html/r20250116/r20190131/zrt_lookup_fy2021.html#RS-0-&adk=1812271801&client=ca-pub-1677597403311019&fa=1&ifi=5&uci=a!5&btvi=4\"> obscures it\nBuild info: version: '4.9.0', revision: 'd7057100a6'\nSystem info: os.name: 'Windows 11', os.arch: 'amd64', os.version: '10.0', java.version: '17.0.9'\nDriver info: org.openqa.selenium.firefox.FirefoxDriver\nCommand: [941e39a9-044e-4430-9735-78fc9acca05e, clickElement {id=7c4cd3b8-e3ed-42a2-8617-7ad0baf6a4dd}]\nCapabilities {acceptInsecureCerts: true, browserName: firefox, browserVersion: 133.0.3, moz:accessibilityChecks: false, moz:buildID: 20241209150345, moz:geckodriverVersion: 0.35.0, moz:headless: true, moz:platformVersion: 10.0, moz:processID: 26620, moz:profile: C:\\Users\\g525585\\AppData\\Lo..., moz:shutdownTimeout: 60000, moz:webdriverClick: true, moz:windowless: false, pageLoadStrategy: normal, platformName: WINDOWS, proxy: Proxy(), setWindowRect: true, strictFileInteractability: false, timeouts: {implicit: 0, pageLoad: 300000, script: 30000}, unhandledPromptBehavior: dismiss and notify, userAgent: Mozilla/5.0 (Windows NT 10....}\nElement: [[[[FirefoxDriver: firefox on WINDOWS (941e39a9-044e-4430-9735-78fc9acca05e)] -> id: days]] -> xpath: .//option[@value = \"1\"]]\nSession ID: 941e39a9-044e-4430-9735-78fc9acca05e\r\n\tat java.base/jdk.internal.reflect.NativeConstructorAccessorImpl.newInstance0(Native Method)\r\n\tat java.base/jdk.internal.reflect.NativeConstructorAccessorImpl.newInstance(NativeConstructorAccessorImpl.java:77)\r\n\tat java.base/jdk.internal.reflect.DelegatingConstructorAccessorImpl.newInstance(DelegatingConstructorAccessorImpl.java:45)\r\n\tat java.base/java.lang.reflect.Constructor.newInstanceWithCaller(Constructor.java:499)\r\n\tat java.base/java.lang.reflect.Constructor.newInstance(Constructor.java:480)\r\n\tat org.openqa.selenium.remote.codec.w3c.W3CHttpResponseCodec.createException(W3CHttpResponseCodec.java:200)\r\n\tat org.openqa.selenium.remote.codec.w3c.W3CHttpResponseCodec.decode(W3CHttpResponseCodec.java:133)\r\n\tat org.openqa.selenium.remote.codec.w3c.W3CHttpResponseCodec.decode(W3CHttpResponseCodec.java:53)\r\n\tat org.openqa.selenium.remote.HttpCommandExecutor.execute(HttpCommandExecutor.java:193)\r\n\tat org.openqa.selenium.remote.service.DriverCommandExecutor.invokeExecute(DriverCommandExecutor.java:183)\r\n\tat org.openqa.selenium.remote.service.DriverCommandExecutor.execute(DriverCommandExecutor.java:158)\r\n\tat org.openqa.selenium.remote.RemoteWebDriver.execute(RemoteWebDriver.java:543)\r\n\tat org.openqa.selenium.remote.RemoteWebElement.execute(RemoteWebElement.java:257)\r\n\tat org.openqa.selenium.remote.RemoteWebElement.click(RemoteWebElement.java:78)\r\n\tat org.openqa.selenium.support.ui.Select.setSelected(Select.java:320)\r\n\tat org.openqa.selenium.support.ui.Select.selectByValue(Select.java:195)\r\n\tat com.automationexercise.pages.EnterAccountInformationPage.fillAccountDetails(EnterAccountInformationPage.java:90)\r\n\tat com.automationexercise.tests.TestCase14.verifyAccountCreatedAndClickContinueButton(TestCase14.java:69)\r\n\tat com.automationexercise.tests.TestCase15.placeOrderRegisterBeforeCheckout(TestCase15.java:42)\r\n\tat java.base/jdk.internal.reflect.NativeMethodAccessorImpl.invoke0(Native Method)\r\n\tat java.base/jdk.internal.reflect.NativeMethodAccessorImpl.invoke(NativeMethodAccessorImpl.java:77)\r\n\tat java.base/jdk.internal.reflect.DelegatingMethodAccessorImpl.invoke(DelegatingMethodAccessorImpl.java:43)\r\n\tat java.base/java.lang.reflect.Method.invoke(Method.java:568)\r\n\tat org.testng.internal.invokers.MethodInvocationHelper.invokeMethod(MethodInvocationHelper.java:139)\r\n\tat org.testng.internal.invokers.TestInvoker.invokeMethod(TestInvoker.java:677)\r\n\tat org.testng.internal.invokers.TestInvoker.invokeTestMethod(TestInvoker.java:221)\r\n\tat org.testng.internal.invokers.MethodRunner.runInSequence(MethodRunner.java:50)\r\n\tat org.testng.internal.invokers.TestInvoker$MethodInvocationAgent.invoke(TestInvoker.java:969)\r\n\tat org.testng.internal.invokers.TestInvoker.invokeTestMethods(TestInvoker.java:194)\r\n\tat org.testng.internal.invokers.TestMethodWorker.invokeTestMethods(TestMethodWorker.java:148)\r\n\tat org.testng.internal.invokers.TestMethodWorker.run(TestMethodWorker.java:128)\r\n\tat java.base/java.util.concurrent.ThreadPoolExecutor.runWorker(ThreadPoolExecutor.java:1136)\r\n\tat java.base/java.util.concurrent.ThreadPoolExecutor$Worker.run(ThreadPoolExecutor.java:635)\r\n\tat java.base/java.lang.Thread.run(Thread.java:842)\r\n"},"stage":"finished","description":"1. Launch browser\n2. Navigate to url 'http://automationexercise.com'\n3. Verify that home page is visible successfully\n4. Click 'Signup / Login' button\n5. Fill all details in Signup and create account\n6. Verify 'ACCOUNT CREATED!' and click 'Continue' button\n7. Verify ' Logged in as username' at top\n8. Add products to cart\n9. Click 'Cart' button\n10. Verify that cart page is displayed\n11. Click Proceed To Checkout\n12. Verify Address Details and Review Your Order\n13. Enter description in comment text area and click 'Place Order'\n14. Enter payment details: Name on Card, Card Number, CVC, Expiration date\n15. Click 'Pay and Confirm Order' button\n16. Verify success message 'Congratulations! Your order has been confirmed!'\n17. Click 'Delete Account' button\n18. Verify that 'ACCOUNT DELETED!' and click 'Continue' button","steps":[{"name":"Verify that home page is visible successfully","status":"passed","stage":"finished","steps":[],"attachments":[],"parameters":[],"start":1737563708035,"stop":1737563708077},{"name":"Verify 'ACCOUNT CREATED!' and click 'Continue' button","status":"broken","statusDetails":{"known":false,"muted":false,"flaky":false,"message":"Element <select id=\"days\" class=\"form-control\" name=\"days\"> is not clickable at point (251,637) because another element <iframe id=\"aswift_4\" name=\"aswift_4\" src=\"https://googleads.g.doubleclick.net/pagead/html/r20250116/r20190131/zrt_lookup_fy2021.html#RS-0-&adk=1812271801&client=ca-pub-1677597403311019&fa=1&ifi=5&uci=a!5&btvi=4\"> obscures it\nBuild info: version: '4.9.0', revision: 'd7057100a6'\nSystem info: os.name: 'Windows 11', os.arch: 'amd64', os.version: '10.0', java.version: '17.0.9'\nDriver info: org.openqa.selenium.firefox.FirefoxDriver\nCommand: [941e39a9-044e-4430-9735-78fc9acca05e, clickElement {id=7c4cd3b8-e3ed-42a2-8617-7ad0baf6a4dd}]\nCapabilities {acceptInsecureCerts: true, browserName: firefox, browserVersion: 133.0.3, moz:accessibilityChecks: false, moz:buildID: 20241209150345, moz:geckodriverVersion: 0.35.0, moz:headless: true, moz:platformVersion: 10.0, moz:processID: 26620, moz:profile: C:\\Users\\g525585\\AppData\\Lo..., moz:shutdownTimeout: 60000, moz:webdriverClick: true, moz:windowless: false, pageLoadStrategy: normal, platformName: WINDOWS, proxy: Proxy(), setWindowRect: true, strictFileInteractability: false, timeouts: {implicit: 0, pageLoad: 300000, script: 30000}, unhandledPromptBehavior: dismiss and notify, userAgent: Mozilla/5.0 (Windows NT 10....}\nElement: [[[[FirefoxDriver: firefox on WINDOWS (941e39a9-044e-4430-9735-78fc9acca05e)] -> id: days]] -> xpath: .//option[@value = \"1\"]]\nSession ID: 941e39a9-044e-4430-9735-78fc9acca05e","trace":"org.openqa.selenium.ElementClickInterceptedException: Element <select id=\"days\" class=\"form-control\" name=\"days\"> is not clickable at point (251,637) because another element <iframe id=\"aswift_4\" name=\"aswift_4\" src=\"https://googleads.g.doubleclick.net/pagead/html/r20250116/r20190131/zrt_lookup_fy2021.html#RS-0-&adk=1812271801&client=ca-pub-1677597403311019&fa=1&ifi=5&uci=a!5&btvi=4\"> obscures it\nBuild info: version: '4.9.0', revision: 'd7057100a6'\nSystem info: os.name: 'Windows 11', os.arch: 'amd64', os.version: '10.0', java.version: '17.0.9'\nDriver info: org.openqa.selenium.firefox.FirefoxDriver\nCommand: [941e39a9-044e-4430-9735-78fc9acca05e, clickElement {id=7c4cd3b8-e3ed-42a2-8617-7ad0baf6a4dd}]\nCapabilities {acceptInsecureCerts: true, browserName: firefox, browserVersion: 133.0.3, moz:accessibilityChecks: false, moz:buildID: 20241209150345, moz:geckodriverVersion: 0.35.0, moz:headless: true, moz:platformVersion: 10.0, moz:processID: 26620, moz:profile: C:\\Users\\g525585\\AppData\\Lo..., moz:shutdownTimeout: 60000, moz:webdriverClick: true, moz:windowless: false, pageLoadStrategy: normal, platformName: WINDOWS, proxy: Proxy(), setWindowRect: true, strictFileInteractability: false, timeouts: {implicit: 0, pageLoad: 300000, script: 30000}, unhandledPromptBehavior: dismiss and notify, userAgent: Mozilla/5.0 (Windows NT 10....}\nElement: [[[[FirefoxDriver: firefox on WINDOWS (941e39a9-044e-4430-9735-78fc9acca05e)] -> id: days]] -> xpath: .//option[@value = \"1\"]]\nSession ID: 941e39a9-044e-4430-9735-78fc9acca05e\r\n\tat java.base/jdk.internal.reflect.NativeConstructorAccessorImpl.newInstance0(Native Method)\r\n\tat java.base/jdk.internal.reflect.NativeConstructorAccessorImpl.newInstance(NativeConstructorAccessorImpl.java:77)\r\n\tat java.base/jdk.internal.reflect.DelegatingConstructorAccessorImpl.newInstance(DelegatingConstructorAccessorImpl.java:45)\r\n\tat java.base/java.lang.reflect.Constructor.newInstanceWithCaller(Constructor.java:499)\r\n\tat java.base/java.lang.reflect.Constructor.newInstance(Constructor.java:480)\r\n\tat org.openqa.selenium.remote.codec.w3c.W3CHttpResponseCodec.createException(W3CHttpResponseCodec.java:200)\r\n\tat org.openqa.selenium.remote.codec.w3c.W3CHttpResponseCodec.decode(W3CHttpResponseCodec.java:133)\r\n\tat org.openqa.selenium.remote.codec.w3c.W3CHttpResponseCodec.decode(W3CHttpResponseCodec.java:53)\r\n\tat org.openqa.selenium.remote.HttpCommandExecutor.execute(HttpCommandExecutor.java:193)\r\n\tat org.openqa.selenium.remote.service.DriverCommandExecutor.invokeExecute(DriverCommandExecutor.java:183)\r\n\tat org.openqa.selenium.remote.service.DriverCommandExecutor.execute(DriverCommandExecutor.java:158)\r\n\tat org.openqa.selenium.remote.RemoteWebDriver.execute(RemoteWebDriver.java:543)\r\n\tat org.openqa.selenium.remote.RemoteWebElement.execute(RemoteWebElement.java:257)\r\n\tat org.openqa.selenium.remote.RemoteWebElement.click(RemoteWebElement.java:78)\r\n\tat org.openqa.selenium.support.ui.Select.setSelected(Select.java:320)\r\n\tat org.openqa.selenium.support.ui.Select.selectByValue(Select.java:195)\r\n\tat com.automationexercise.pages.EnterAccountInformationPage.fillAccountDetails(EnterAccountInformationPage.java:90)\r\n\tat com.automationexercise.tests.TestCase14.verifyAccountCreatedAndClickContinueButton(TestCase14.java:69)\r\n\tat com.automationexercise.tests.TestCase15.placeOrderRegisterBeforeCheckout(TestCase15.java:42)\r\n\tat java.base/jdk.internal.reflect.NativeMethodAccessorImpl.invoke0(Native Method)\r\n\tat java.base/jdk.internal.reflect.NativeMethodAccessorImpl.invoke(NativeMethodAccessorImpl.java:77)\r\n\tat java.base/jdk.internal.reflect.DelegatingMethodAccessorImpl.invoke(DelegatingMethodAccessorImpl.java:43)\r\n\tat java.base/java.lang.reflect.Method.invoke(Method.java:568)\r\n\tat org.testng.internal.invokers.MethodInvocationHelper.invokeMethod(MethodInvocationHelper.java:139)\r\n\tat org.testng.internal.invokers.TestInvoker.invokeMethod(TestInvoker.java:677)\r\n\tat org.testng.internal.invokers.TestInvoker.invokeTestMethod(TestInvoker.java:221)\r\n\tat org.testng.internal.invokers.MethodRunner.runInSequence(MethodRunner.java:50)\r\n\tat org.testng.internal.invokers.TestInvoker$MethodInvocationAgent.invoke(TestInvoker.java:969)\r\n\tat org.testng.internal.invokers.TestInvoker.invokeTestMethods(TestInvoker.java:194)\r\n\tat org.testng.internal.invokers.TestMethodWorker.invokeTestMethods(TestMethodWorker.java:148)\r\n\tat org.testng.internal.invokers.TestMethodWorker.run(TestMethodWorker.java:128)\r\n\tat java.base/java.util.concurrent.ThreadPoolExecutor.runWorker(ThreadPoolExecutor.java:1136)\r\n\tat java.base/java.util.concurrent.ThreadPoolExecutor$Worker.run(ThreadPoolExecutor.java:635)\r\n\tat java.base/java.lang.Thread.run(Thread.java:842)\r\n"},"stage":"finished","steps":[],"attachments":[],"parameters":[{"name":"name","value":"name22012025182952598"},{"name":"email","value":"email22012025182952599@o2.pl"}],"start":1737563708078,"stop":1737563712272}],"attachments":[],"parameters":[],"start":1737563708034,"stop":1737563712273}