{"uuid":"5cdffd71-a273-40bb-b008-0bf6253f4bd5","historyId":"1b142eef3e1ca964cb21ed344aea64be","fullName":"com.automationexercise.tests.TestCase1.registerUser","labels":[{"name":"package","value":"com.automationexercise.tests.TestCase1"},{"name":"testClass","value":"com.automationexercise.tests.TestCase1"},{"name":"testMethod","value":"registerUser"},{"name":"parentSuite","value":"Suite"},{"name":"suite","value":"Test"},{"name":"subSuite","value":"com.automationexercise.tests.TestCase1"},{"name":"host","value":"EGCA2-9RRXSQ3"},{"name":"thread","value":"15228@EGCA2-9RRXSQ3.TestNG-test=Test-1(30)"},{"name":"framework","value":"testng"},{"name":"language","value":"java"},{"name":"story","value":"Register User"},{"name":"epic","value":"Regression Tests"},{"name":"feature","value":"User"},{"name":"severity","value":"critical"}],"links":[],"name":"Test Case 1: Register User","status":"broken","statusDetails":{"known":false,"muted":false,"flaky":false,"message":"Element <select id=\"days\" class=\"form-control\" name=\"days\"> is not clickable at point (251,637) because another element <iframe id=\"aswift_4\" name=\"aswift_4\" src=\"https://googleads.g.doubleclick.net/pagead/html/r20250116/r20190131/zrt_lookup_fy2021.html#RS-0-&adk=1812271801&client=ca-pub-1677597403311019&fa=1&ifi=5&uci=a!5&btvi=4\"> obscures it\nBuild info: version: '4.9.0', revision: 'd7057100a6'\nSystem info: os.name: 'Windows 11', os.arch: 'amd64', os.version: '10.0', java.version: '17.0.9'\nDriver info: org.openqa.selenium.firefox.FirefoxDriver\nCommand: [c8f0776e-eb7f-41ea-a182-155f6d1c0bdc, clickElement {id=d49d2c41-623f-4874-a259-ef6fc57763fe}]\nCapabilities {acceptInsecureCerts: true, browserName: firefox, browserVersion: 133.0.3, moz:accessibilityChecks: false, moz:buildID: 20241209150345, moz:geckodriverVersion: 0.35.0, moz:headless: true, moz:platformVersion: 10.0, moz:processID: 20188, moz:profile: C:\\Users\\g525585\\AppData\\Lo..., moz:shutdownTimeout: 60000, moz:webdriverClick: true, moz:windowless: false, pageLoadStrategy: normal, platformName: WINDOWS, proxy: Proxy(), setWindowRect: true, strictFileInteractability: false, timeouts: {implicit: 0, pageLoad: 300000, script: 30000}, unhandledPromptBehavior: dismiss and notify, userAgent: Mozilla/5.0 (Windows NT 10....}\nElement: [[[[FirefoxDriver: firefox on WINDOWS (c8f0776e-eb7f-41ea-a182-155f6d1c0bdc)] -> id: days]] -> xpath: .//option[@value = \"1\"]]\nSession ID: c8f0776e-eb7f-41ea-a182-155f6d1c0bdc","trace":"org.openqa.selenium.ElementClickInterceptedException: Element <select id=\"days\" class=\"form-control\" name=\"days\"> is not clickable at point (251,637) because another element <iframe id=\"aswift_4\" name=\"aswift_4\" src=\"https://googleads.g.doubleclick.net/pagead/html/r20250116/r20190131/zrt_lookup_fy2021.html#RS-0-&adk=1812271801&client=ca-pub-1677597403311019&fa=1&ifi=5&uci=a!5&btvi=4\"> obscures it\nBuild info: version: '4.9.0', revision: 'd7057100a6'\nSystem info: os.name: 'Windows 11', os.arch: 'amd64', os.version: '10.0', java.version: '17.0.9'\nDriver info: org.openqa.selenium.firefox.FirefoxDriver\nCommand: [c8f0776e-eb7f-41ea-a182-155f6d1c0bdc, clickElement {id=d49d2c41-623f-4874-a259-ef6fc57763fe}]\nCapabilities {acceptInsecureCerts: true, browserName: firefox, browserVersion: 133.0.3, moz:accessibilityChecks: false, moz:buildID: 20241209150345, moz:geckodriverVersion: 0.35.0, moz:headless: true, moz:platformVersion: 10.0, moz:processID: 20188, moz:profile: C:\\Users\\g525585\\AppData\\Lo..., moz:shutdownTimeout: 60000, moz:webdriverClick: true, moz:windowless: false, pageLoadStrategy: normal, platformName: WINDOWS, proxy: Proxy(), setWindowRect: true, strictFileInteractability: false, timeouts: {implicit: 0, pageLoad: 300000, script: 30000}, unhandledPromptBehavior: dismiss and notify, userAgent: Mozilla/5.0 (Windows NT 10....}\nElement: [[[[FirefoxDriver: firefox on WINDOWS (c8f0776e-eb7f-41ea-a182-155f6d1c0bdc)] -> id: days]] -> xpath: .//option[@value = \"1\"]]\nSession ID: c8f0776e-eb7f-41ea-a182-155f6d1c0bdc\r\n\tat java.base/jdk.internal.reflect.NativeConstructorAccessorImpl.newInstance0(Native Method)\r\n\tat java.base/jdk.internal.reflect.NativeConstructorAccessorImpl.newInstance(NativeConstructorAccessorImpl.java:77)\r\n\tat java.base/jdk.internal.reflect.DelegatingConstructorAccessorImpl.newInstance(DelegatingConstructorAccessorImpl.java:45)\r\n\tat java.base/java.lang.reflect.Constructor.newInstanceWithCaller(Constructor.java:499)\r\n\tat java.base/java.lang.reflect.Constructor.newInstance(Constructor.java:480)\r\n\tat org.openqa.selenium.remote.codec.w3c.W3CHttpResponseCodec.createException(W3CHttpResponseCodec.java:200)\r\n\tat org.openqa.selenium.remote.codec.w3c.W3CHttpResponseCodec.decode(W3CHttpResponseCodec.java:133)\r\n\tat org.openqa.selenium.remote.codec.w3c.W3CHttpResponseCodec.decode(W3CHttpResponseCodec.java:53)\r\n\tat org.openqa.selenium.remote.HttpCommandExecutor.execute(HttpCommandExecutor.java:193)\r\n\tat org.openqa.selenium.remote.service.DriverCommandExecutor.invokeExecute(DriverCommandExecutor.java:183)\r\n\tat org.openqa.selenium.remote.service.DriverCommandExecutor.execute(DriverCommandExecutor.java:158)\r\n\tat org.openqa.selenium.remote.RemoteWebDriver.execute(RemoteWebDriver.java:543)\r\n\tat org.openqa.selenium.remote.RemoteWebElement.execute(RemoteWebElement.java:257)\r\n\tat org.openqa.selenium.remote.RemoteWebElement.click(RemoteWebElement.java:78)\r\n\tat org.openqa.selenium.support.ui.Select.setSelected(Select.java:320)\r\n\tat org.openqa.selenium.support.ui.Select.selectByValue(Select.java:195)\r\n\tat com.automationexercise.pages.EnterAccountInformationPage.fillAccountDetails(EnterAccountInformationPage.java:90)\r\n\tat com.automationexercise.tests.TestCase1.verifyThatAccountCreatedIsVisible(TestCase1.java:79)\r\n\tat com.automationexercise.tests.TestCase1.registerUser(TestCase1.java:45)\r\n\tat java.base/jdk.internal.reflect.NativeMethodAccessorImpl.invoke0(Native Method)\r\n\tat java.base/jdk.internal.reflect.NativeMethodAccessorImpl.invoke(NativeMethodAccessorImpl.java:77)\r\n\tat java.base/jdk.internal.reflect.DelegatingMethodAccessorImpl.invoke(DelegatingMethodAccessorImpl.java:43)\r\n\tat java.base/java.lang.reflect.Method.invoke(Method.java:568)\r\n\tat org.testng.internal.invokers.MethodInvocationHelper.invokeMethod(MethodInvocationHelper.java:139)\r\n\tat org.testng.internal.invokers.TestInvoker.invokeMethod(TestInvoker.java:677)\r\n\tat org.testng.internal.invokers.TestInvoker.invokeTestMethod(TestInvoker.java:221)\r\n\tat org.testng.internal.invokers.MethodRunner.runInSequence(MethodRunner.java:50)\r\n\tat org.testng.internal.invokers.TestInvoker$MethodInvocationAgent.invoke(TestInvoker.java:969)\r\n\tat org.testng.internal.invokers.TestInvoker.invokeTestMethods(TestInvoker.java:194)\r\n\tat org.testng.internal.invokers.TestMethodWorker.invokeTestMethods(TestMethodWorker.java:148)\r\n\tat org.testng.internal.invokers.TestMethodWorker.run(TestMethodWorker.java:128)\r\n\tat java.base/java.util.concurrent.ThreadPoolExecutor.runWorker(ThreadPoolExecutor.java:1136)\r\n\tat java.base/java.util.concurrent.ThreadPoolExecutor$Worker.run(ThreadPoolExecutor.java:635)\r\n\tat java.base/java.lang.Thread.run(Thread.java:842)\r\n"},"stage":"finished","description":"1. Launch browser\n2. Navigate to url 'http://automationexercise.com'\n3. Verify that home page is visible successfully\n4. Click on 'Signup / Login' button\n5. Verify 'New User Signup!' is visible\n6. Enter name and email address\n7. Click 'Signup' button\n8. Verify that 'ENTER ACCOUNT INFORMATION' is visible\n9. Fill details: Title, Name, Email, Password, Date of birth\n10. Select checkbox 'Sign up for our newsletter!'\n11. Select checkbox 'Receive special offers from our partners!'\n12. Fill details: First name, Last name, Company, Address, Address2, Country, State, City, Zipcode, Mobile Number\n13. Click 'Create Account button'\n14. Verify that 'ACCOUNT CREATED!' is visible\n15. Click 'Continue' button\n16. Verify that 'Logged in as username' is visible\n17. Click 'Delete Account' button\n18. Verify that 'ACCOUNT DELETED!' is visible and click 'Continue' button","steps":[{"name":"Verify that home page is visible successfully","status":"passed","stage":"finished","steps":[],"attachments":[],"parameters":[],"start":1737563417026,"stop":1737563417206},{"name":"Verify 'New User Signup!' is visible","status":"passed","stage":"finished","steps":[],"attachments":[],"parameters":[],"start":1737563417207,"stop":1737563418840},{"name":"Verify that 'ENTER ACCOUNT INFORMATION' is visible","status":"passed","stage":"finished","steps":[],"attachments":[],"parameters":[],"start":1737563418841,"stop":1737563421958},{"name":"Verify that 'ACCOUNT CREATED!' is visible","status":"broken","statusDetails":{"known":false,"muted":false,"flaky":false,"message":"Element <select id=\"days\" class=\"form-control\" name=\"days\"> is not clickable at point (251,637) because another element <iframe id=\"aswift_4\" name=\"aswift_4\" src=\"https://googleads.g.doubleclick.net/pagead/html/r20250116/r20190131/zrt_lookup_fy2021.html#RS-0-&adk=1812271801&client=ca-pub-1677597403311019&fa=1&ifi=5&uci=a!5&btvi=4\"> obscures it\nBuild info: version: '4.9.0', revision: 'd7057100a6'\nSystem info: os.name: 'Windows 11', os.arch: 'amd64', os.version: '10.0', java.version: '17.0.9'\nDriver info: org.openqa.selenium.firefox.FirefoxDriver\nCommand: [c8f0776e-eb7f-41ea-a182-155f6d1c0bdc, clickElement {id=d49d2c41-623f-4874-a259-ef6fc57763fe}]\nCapabilities {acceptInsecureCerts: true, browserName: firefox, browserVersion: 133.0.3, moz:accessibilityChecks: false, moz:buildID: 20241209150345, moz:geckodriverVersion: 0.35.0, moz:headless: true, moz:platformVersion: 10.0, moz:processID: 20188, moz:profile: C:\\Users\\g525585\\AppData\\Lo..., moz:shutdownTimeout: 60000, moz:webdriverClick: true, moz:windowless: false, pageLoadStrategy: normal, platformName: WINDOWS, proxy: Proxy(), setWindowRect: true, strictFileInteractability: false, timeouts: {implicit: 0, pageLoad: 300000, script: 30000}, unhandledPromptBehavior: dismiss and notify, userAgent: Mozilla/5.0 (Windows NT 10....}\nElement: [[[[FirefoxDriver: firefox on WINDOWS (c8f0776e-eb7f-41ea-a182-155f6d1c0bdc)] -> id: days]] -> xpath: .//option[@value = \"1\"]]\nSession ID: c8f0776e-eb7f-41ea-a182-155f6d1c0bdc","trace":"org.openqa.selenium.ElementClickInterceptedException: Element <select id=\"days\" class=\"form-control\" name=\"days\"> is not clickable at point (251,637) because another element <iframe id=\"aswift_4\" name=\"aswift_4\" src=\"https://googleads.g.doubleclick.net/pagead/html/r20250116/r20190131/zrt_lookup_fy2021.html#RS-0-&adk=1812271801&client=ca-pub-1677597403311019&fa=1&ifi=5&uci=a!5&btvi=4\"> obscures it\nBuild info: version: '4.9.0', revision: 'd7057100a6'\nSystem info: os.name: 'Windows 11', os.arch: 'amd64', os.version: '10.0', java.version: '17.0.9'\nDriver info: org.openqa.selenium.firefox.FirefoxDriver\nCommand: [c8f0776e-eb7f-41ea-a182-155f6d1c0bdc, clickElement {id=d49d2c41-623f-4874-a259-ef6fc57763fe}]\nCapabilities {acceptInsecureCerts: true, browserName: firefox, browserVersion: 133.0.3, moz:accessibilityChecks: false, moz:buildID: 20241209150345, moz:geckodriverVersion: 0.35.0, moz:headless: true, moz:platformVersion: 10.0, moz:processID: 20188, moz:profile: C:\\Users\\g525585\\AppData\\Lo..., moz:shutdownTimeout: 60000, moz:webdriverClick: true, moz:windowless: false, pageLoadStrategy: normal, platformName: WINDOWS, proxy: Proxy(), setWindowRect: true, strictFileInteractability: false, timeouts: {implicit: 0, pageLoad: 300000, script: 30000}, unhandledPromptBehavior: dismiss and notify, userAgent: Mozilla/5.0 (Windows NT 10....}\nElement: [[[[FirefoxDriver: firefox on WINDOWS (c8f0776e-eb7f-41ea-a182-155f6d1c0bdc)] -> id: days]] -> xpath: .//option[@value = \"1\"]]\nSession ID: c8f0776e-eb7f-41ea-a182-155f6d1c0bdc\r\n\tat java.base/jdk.internal.reflect.NativeConstructorAccessorImpl.newInstance0(Native Method)\r\n\tat java.base/jdk.internal.reflect.NativeConstructorAccessorImpl.newInstance(NativeConstructorAccessorImpl.java:77)\r\n\tat java.base/jdk.internal.reflect.DelegatingConstructorAccessorImpl.newInstance(DelegatingConstructorAccessorImpl.java:45)\r\n\tat java.base/java.lang.reflect.Constructor.newInstanceWithCaller(Constructor.java:499)\r\n\tat java.base/java.lang.reflect.Constructor.newInstance(Constructor.java:480)\r\n\tat org.openqa.selenium.remote.codec.w3c.W3CHttpResponseCodec.createException(W3CHttpResponseCodec.java:200)\r\n\tat org.openqa.selenium.remote.codec.w3c.W3CHttpResponseCodec.decode(W3CHttpResponseCodec.java:133)\r\n\tat org.openqa.selenium.remote.codec.w3c.W3CHttpResponseCodec.decode(W3CHttpResponseCodec.java:53)\r\n\tat org.openqa.selenium.remote.HttpCommandExecutor.execute(HttpCommandExecutor.java:193)\r\n\tat org.openqa.selenium.remote.service.DriverCommandExecutor.invokeExecute(DriverCommandExecutor.java:183)\r\n\tat org.openqa.selenium.remote.service.DriverCommandExecutor.execute(DriverCommandExecutor.java:158)\r\n\tat org.openqa.selenium.remote.RemoteWebDriver.execute(RemoteWebDriver.java:543)\r\n\tat org.openqa.selenium.remote.RemoteWebElement.execute(RemoteWebElement.java:257)\r\n\tat org.openqa.selenium.remote.RemoteWebElement.click(RemoteWebElement.java:78)\r\n\tat org.openqa.selenium.support.ui.Select.setSelected(Select.java:320)\r\n\tat org.openqa.selenium.support.ui.Select.selectByValue(Select.java:195)\r\n\tat com.automationexercise.pages.EnterAccountInformationPage.fillAccountDetails(EnterAccountInformationPage.java:90)\r\n\tat com.automationexercise.tests.TestCase1.verifyThatAccountCreatedIsVisible(TestCase1.java:79)\r\n\tat com.automationexercise.tests.TestCase1.registerUser(TestCase1.java:45)\r\n\tat java.base/jdk.internal.reflect.NativeMethodAccessorImpl.invoke0(Native Method)\r\n\tat java.base/jdk.internal.reflect.NativeMethodAccessorImpl.invoke(NativeMethodAccessorImpl.java:77)\r\n\tat java.base/jdk.internal.reflect.DelegatingMethodAccessorImpl.invoke(DelegatingMethodAccessorImpl.java:43)\r\n\tat java.base/java.lang.reflect.Method.invoke(Method.java:568)\r\n\tat org.testng.internal.invokers.MethodInvocationHelper.invokeMethod(MethodInvocationHelper.java:139)\r\n\tat org.testng.internal.invokers.TestInvoker.invokeMethod(TestInvoker.java:677)\r\n\tat org.testng.internal.invokers.TestInvoker.invokeTestMethod(TestInvoker.java:221)\r\n\tat org.testng.internal.invokers.MethodRunner.runInSequence(MethodRunner.java:50)\r\n\tat org.testng.internal.invokers.TestInvoker$MethodInvocationAgent.invoke(TestInvoker.java:969)\r\n\tat org.testng.internal.invokers.TestInvoker.invokeTestMethods(TestInvoker.java:194)\r\n\tat org.testng.internal.invokers.TestMethodWorker.invokeTestMethods(TestMethodWorker.java:148)\r\n\tat org.testng.internal.invokers.TestMethodWorker.run(TestMethodWorker.java:128)\r\n\tat java.base/java.util.concurrent.ThreadPoolExecutor.runWorker(ThreadPoolExecutor.java:1136)\r\n\tat java.base/java.util.concurrent.ThreadPoolExecutor$Worker.run(ThreadPoolExecutor.java:635)\r\n\tat java.base/java.lang.Thread.run(Thread.java:842)\r\n"},"stage":"finished","steps":[],"attachments":[],"parameters":[],"start":1737563421959,"stop":1737563422449}],"attachments":[],"parameters":[],"start":1737563416989,"stop":1737563422457}