{"uuid":"ef215870-6fc4-4d58-b8d6-3b0ae24b9412","historyId":"eeab7137939ceeab87edade4cc73ef7d","fullName":"com.automationexercise.tests.TestCase26.verifyScrollUpWithoutArrowButtonAndScrollDownFunctionality","labels":[{"name":"package","value":"com.automationexercise.tests.TestCase26"},{"name":"testClass","value":"com.automationexercise.tests.TestCase26"},{"name":"testMethod","value":"verifyScrollUpWithoutArrowButtonAndScrollDownFunctionality"},{"name":"parentSuite","value":"Suite"},{"name":"suite","value":"Test"},{"name":"subSuite","value":"com.automationexercise.tests.TestCase26"},{"name":"host","value":"EGCA2-9RRXSQ3"},{"name":"thread","value":"15228@EGCA2-9RRXSQ3.TestNG-test=Test-1(30)"},{"name":"framework","value":"testng"},{"name":"language","value":"java"},{"name":"story","value":"Verify Scroll Up without 'Arrow' button and Scroll Down functionality"},{"name":"epic","value":"Regression Tests"},{"name":"feature","value":"Verify"},{"name":"severity","value":"trivial"}],"links":[],"name":"Test Case 26: Verify Scroll Up without 'Arrow' button and Scroll Down functionality","status":"broken","statusDetails":{"known":false,"muted":false,"flaky":false,"message":"class java.lang.Long cannot be cast to class java.lang.Double (java.lang.Long and java.lang.Double are in module java.base of loader 'bootstrap')","trace":"java.lang.ClassCastException: class java.lang.Long cannot be cast to class java.lang.Double (java.lang.Long and java.lang.Double are in module java.base of loader 'bootstrap')\r\n\tat com.automationexercise.tests.TestCase26.verifyThatPageIsScrolledUpAndFullFledgedPracticeWebsiteForAutomationEngineersTextIsVisibleOnScreen(TestCase26.java:37)\r\n\tat com.automationexercise.tests.TestCase26.verifyScrollUpWithoutArrowButtonAndScrollDownFunctionality(TestCase26.java:27)\r\n\tat java.base/jdk.internal.reflect.NativeMethodAccessorImpl.invoke0(Native Method)\r\n\tat java.base/jdk.internal.reflect.NativeMethodAccessorImpl.invoke(NativeMethodAccessorImpl.java:77)\r\n\tat java.base/jdk.internal.reflect.DelegatingMethodAccessorImpl.invoke(DelegatingMethodAccessorImpl.java:43)\r\n\tat java.base/java.lang.reflect.Method.invoke(Method.java:568)\r\n\tat org.testng.internal.invokers.MethodInvocationHelper.invokeMethod(MethodInvocationHelper.java:139)\r\n\tat org.testng.internal.invokers.TestInvoker.invokeMethod(TestInvoker.java:677)\r\n\tat org.testng.internal.invokers.TestInvoker.invokeTestMethod(TestInvoker.java:221)\r\n\tat org.testng.internal.invokers.MethodRunner.runInSequence(MethodRunner.java:50)\r\n\tat org.testng.internal.invokers.TestInvoker$MethodInvocationAgent.invoke(TestInvoker.java:969)\r\n\tat org.testng.internal.invokers.TestInvoker.invokeTestMethods(TestInvoker.java:194)\r\n\tat org.testng.internal.invokers.TestMethodWorker.invokeTestMethods(TestMethodWorker.java:148)\r\n\tat org.testng.internal.invokers.TestMethodWorker.run(TestMethodWorker.java:128)\r\n\tat java.base/java.util.concurrent.ThreadPoolExecutor.runWorker(ThreadPoolExecutor.java:1136)\r\n\tat java.base/java.util.concurrent.ThreadPoolExecutor$Worker.run(ThreadPoolExecutor.java:635)\r\n\tat java.base/java.lang.Thread.run(Thread.java:842)\r\n"},"stage":"finished","description":"1. Launch browser\n2. Navigate to url 'http://automationexercise.com'\n3. Verify that home page is visible successfully\n4. Scroll down page to bottom\n5. Verify 'SUBSCRIPTION' is visible\n6. Scroll up page to top\n7. Verify that page is scrolled up and 'Full-Fledged practice website for Automation Engineers' text is visible on screen","steps":[{"name":"Verify that home page is visible successfully","status":"passed","stage":"finished","steps":[],"attachments":[],"parameters":[],"start":1737563963737,"stop":1737563963781},{"name":"Verify 'SUBSCRIPTION' is visible","status":"passed","stage":"finished","steps":[],"attachments":[],"parameters":[],"start":1737563963781,"stop":1737563963831},{"name":"Verify that page is scrolled up and 'Full-Fledged practice website for Automation Engineers' text is visible on screen","status":"broken","statusDetails":{"known":false,"muted":false,"flaky":false,"message":"class java.lang.Long cannot be cast to class java.lang.Double (java.lang.Long and java.lang.Double are in module java.base of loader 'bootstrap')","trace":"java.lang.ClassCastException: class java.lang.Long cannot be cast to class java.lang.Double (java.lang.Long and java.lang.Double are in module java.base of loader 'bootstrap')\r\n\tat com.automationexercise.tests.TestCase26.verifyThatPageIsScrolledUpAndFullFledgedPracticeWebsiteForAutomationEngineersTextIsVisibleOnScreen(TestCase26.java:37)\r\n\tat com.automationexercise.tests.TestCase26.verifyScrollUpWithoutArrowButtonAndScrollDownFunctionality(TestCase26.java:27)\r\n\tat java.base/jdk.internal.reflect.NativeMethodAccessorImpl.invoke0(Native Method)\r\n\tat java.base/jdk.internal.reflect.NativeMethodAccessorImpl.invoke(NativeMethodAccessorImpl.java:77)\r\n\tat java.base/jdk.internal.reflect.DelegatingMethodAccessorImpl.invoke(DelegatingMethodAccessorImpl.java:43)\r\n\tat java.base/java.lang.reflect.Method.invoke(Method.java:568)\r\n\tat org.testng.internal.invokers.MethodInvocationHelper.invokeMethod(MethodInvocationHelper.java:139)\r\n\tat org.testng.internal.invokers.TestInvoker.invokeMethod(TestInvoker.java:677)\r\n\tat org.testng.internal.invokers.TestInvoker.invokeTestMethod(TestInvoker.java:221)\r\n\tat org.testng.internal.invokers.MethodRunner.runInSequence(MethodRunner.java:50)\r\n\tat org.testng.internal.invokers.TestInvoker$MethodInvocationAgent.invoke(TestInvoker.java:969)\r\n\tat org.testng.internal.invokers.TestInvoker.invokeTestMethods(TestInvoker.java:194)\r\n\tat org.testng.internal.invokers.TestMethodWorker.invokeTestMethods(TestMethodWorker.java:148)\r\n\tat org.testng.internal.invokers.TestMethodWorker.run(TestMethodWorker.java:128)\r\n\tat java.base/java.util.concurrent.ThreadPoolExecutor.runWorker(ThreadPoolExecutor.java:1136)\r\n\tat java.base/java.util.concurrent.ThreadPoolExecutor$Worker.run(ThreadPoolExecutor.java:635)\r\n\tat java.base/java.lang.Thread.run(Thread.java:842)\r\n"},"stage":"finished","steps":[],"attachments":[],"parameters":[],"start":1737563963831,"stop":1737563964949}],"attachments":[],"parameters":[],"start":1737563963736,"stop":1737563964950}