<?xml version="1.0" encoding="UTF-8"?>
<testng-results ignored="0" total="26" passed="15" failed="11" skipped="0">
  <reporter-output>
  </reporter-output>
  <suite started-at="2025-01-22T18:29:52 EET" name="Suite" finished-at="2025-01-22T18:39:26 EET" duration-ms="573737">
    <groups>
    </groups>
    <test started-at="2025-01-22T18:29:52 EET" name="Test" finished-at="2025-01-22T18:39:26 EET" duration-ms="573737">
      <class name="com.automationexercise.tests.TestCase7">
        <test-method is-config="true" signature="setup()[pri:0, instance:com.automationexercise.tests.TestCase7@51fc862e]" started-at="2025-01-22T18:32:12 EET" name="setup" finished-at="2025-01-22T18:32:24 EET" duration-ms="11847" status="PASS">
          <reporter-output>
          </reporter-output>
        </test-method> <!-- setup -->
        <test-method signature="verifyTestCasesPage()[pri:0, instance:com.automationexercise.tests.TestCase7@51fc862e]" started-at="2025-01-22T18:32:24 EET" name="verifyTestCasesPage" description="Test Case 7: Verify Test Cases Page" finished-at="2025-01-22T18:32:26 EET" duration-ms="2115" status="PASS">
          <reporter-output>
          </reporter-output>
        </test-method> <!-- verifyTestCasesPage -->
        <test-method is-config="true" signature="tearDown()[pri:0, instance:com.automationexercise.tests.TestCase7@51fc862e]" started-at="2025-01-22T18:32:26 EET" name="tearDown" finished-at="2025-01-22T18:32:29 EET" duration-ms="3455" status="PASS">
          <reporter-output>
          </reporter-output>
        </test-method> <!-- tearDown -->
      </class> <!-- com.automationexercise.tests.TestCase7 -->
      <class name="com.automationexercise.tests.TestCase8">
        <test-method is-config="true" signature="setup()[pri:0, instance:com.automationexercise.tests.TestCase8@a7cf42f]" started-at="2025-01-22T18:32:29 EET" name="setup" finished-at="2025-01-22T18:32:46 EET" duration-ms="16602" status="PASS">
          <reporter-output>
          </reporter-output>
        </test-method> <!-- setup -->
        <test-method signature="verifyAllProductsAndProductDetailPage()[pri:0, instance:com.automationexercise.tests.TestCase8@a7cf42f]" started-at="2025-01-22T18:32:46 EET" name="verifyAllProductsAndProductDetailPage" description="Test Case 8: Verify All Products and product detail page" finished-at="2025-01-22T18:32:50 EET" duration-ms="4575" status="PASS">
          <reporter-output>
          </reporter-output>
        </test-method> <!-- verifyAllProductsAndProductDetailPage -->
        <test-method is-config="true" signature="tearDown()[pri:0, instance:com.automationexercise.tests.TestCase8@a7cf42f]" started-at="2025-01-22T18:32:50 EET" name="tearDown" finished-at="2025-01-22T18:32:52 EET" duration-ms="1705" status="PASS">
          <reporter-output>
          </reporter-output>
        </test-method> <!-- tearDown -->
      </class> <!-- com.automationexercise.tests.TestCase8 -->
      <class name="com.automationexercise.tests.TestCase5">
        <test-method is-config="true" signature="setup()[pri:0, instance:com.automationexercise.tests.TestCase5@d611f1c]" started-at="2025-01-22T18:31:20 EET" name="setup" finished-at="2025-01-22T18:31:38 EET" duration-ms="17912" status="PASS">
          <reporter-output>
          </reporter-output>
        </test-method> <!-- setup -->
        <test-method signature="registerUserWithExistingEmail()[pri:0, instance:com.automationexercise.tests.TestCase5@d611f1c]" started-at="2025-01-22T18:31:38 EET" name="registerUserWithExistingEmail" description="Test Case 5: Register User with existing email" finished-at="2025-01-22T18:31:43 EET" duration-ms="4883" status="PASS">
          <reporter-output>
          </reporter-output>
        </test-method> <!-- registerUserWithExistingEmail -->
        <test-method is-config="true" signature="tearDown()[pri:0, instance:com.automationexercise.tests.TestCase5@d611f1c]" started-at="2025-01-22T18:31:43 EET" name="tearDown" finished-at="2025-01-22T18:31:44 EET" duration-ms="1507" status="PASS">
          <reporter-output>
          </reporter-output>
        </test-method> <!-- tearDown -->
      </class> <!-- com.automationexercise.tests.TestCase5 -->
      <class name="com.automationexercise.tests.TestCase6">
        <test-method is-config="true" signature="setup()[pri:0, instance:com.automationexercise.tests.TestCase6@4f2d014a]" started-at="2025-01-22T18:31:44 EET" name="setup" finished-at="2025-01-22T18:32:00 EET" duration-ms="15311" status="PASS">
          <reporter-output>
          </reporter-output>
        </test-method> <!-- setup -->
        <test-method signature="contactUsForm()[pri:0, instance:com.automationexercise.tests.TestCase6@4f2d014a]" started-at="2025-01-22T18:32:00 EET" name="contactUsForm" description="Test Case 6: Contact Us Form" finished-at="2025-01-22T18:32:10 EET" duration-ms="10573" status="PASS">
          <reporter-output>
          </reporter-output>
        </test-method> <!-- contactUsForm -->
        <test-method is-config="true" signature="tearDown()[pri:0, instance:com.automationexercise.tests.TestCase6@4f2d014a]" started-at="2025-01-22T18:32:10 EET" name="tearDown" finished-at="2025-01-22T18:32:12 EET" duration-ms="1636" status="PASS">
          <reporter-output>
          </reporter-output>
        </test-method> <!-- tearDown -->
      </class> <!-- com.automationexercise.tests.TestCase6 -->
      <class name="com.automationexercise.tests.TestCase3">
        <test-method is-config="true" signature="setup()[pri:0, instance:com.automationexercise.tests.TestCase3@14c141c0]" started-at="2025-01-22T18:30:42 EET" name="setup" finished-at="2025-01-22T18:30:58 EET" duration-ms="15380" status="PASS">
          <reporter-output>
          </reporter-output>
        </test-method> <!-- setup -->
        <test-method signature="loginUserWithIncorrectEmailAndPassword()[pri:0, instance:com.automationexercise.tests.TestCase3@14c141c0]" started-at="2025-01-22T18:30:58 EET" name="loginUserWithIncorrectEmailAndPassword" description="Test Case 3: Login User with incorrect email and password" finished-at="2025-01-22T18:31:01 EET" duration-ms="3709" status="PASS">
          <reporter-output>
          </reporter-output>
        </test-method> <!-- loginUserWithIncorrectEmailAndPassword -->
        <test-method is-config="true" signature="tearDown()[pri:0, instance:com.automationexercise.tests.TestCase3@14c141c0]" started-at="2025-01-22T18:31:01 EET" name="tearDown" finished-at="2025-01-22T18:31:03 EET" duration-ms="1389" status="PASS">
          <reporter-output>
          </reporter-output>
        </test-method> <!-- tearDown -->
      </class> <!-- com.automationexercise.tests.TestCase3 -->
      <class name="com.automationexercise.tests.TestCase4">
        <test-method is-config="true" signature="setup()[pri:0, instance:com.automationexercise.tests.TestCase4@61874b9d]" started-at="2025-01-22T18:31:03 EET" name="setup" finished-at="2025-01-22T18:31:15 EET" duration-ms="12666" status="PASS">
          <reporter-output>
          </reporter-output>
        </test-method> <!-- setup -->
        <test-method signature="logoutUser()[pri:0, instance:com.automationexercise.tests.TestCase4@61874b9d]" started-at="2025-01-22T18:31:15 EET" name="logoutUser" description="Test Case 4: Logout User" finished-at="2025-01-22T18:31:18 EET" duration-ms="3174" status="FAIL">
          <exception class="org.openqa.selenium.NoSuchElementException">
            <message>
              <![CDATA[Unable to locate element: //*[@id='header']/div/div/div/div[2]/div/ul/li[10]/a/b
For documentation on this error, please visit: https://selenium.dev/exceptions/#no_such_element
Build info: version: '4.9.0', revision: 'd7057100a6'
System info: os.name: 'Windows 11', os.arch: 'amd64', os.version: '10.0', java.version: '17.0.9'
Driver info: org.openqa.selenium.firefox.FirefoxDriver
Command: [f74e0105-50b2-435d-895f-239ee93c1664, findElement {using=xpath, value=//*[@id='header']/div/div/div/div[2]/div/ul/li[10]/a/b}]
Capabilities {acceptInsecureCerts: true, browserName: firefox, browserVersion: 133.0.3, moz:accessibilityChecks: false, moz:buildID: 20241209150345, moz:geckodriverVersion: 0.35.0, moz:headless: true, moz:platformVersion: 10.0, moz:processID: 13728, moz:profile: C:\Users\g525585\AppData\Lo..., moz:shutdownTimeout: 60000, moz:webdriverClick: true, moz:windowless: false, pageLoadStrategy: normal, platformName: WINDOWS, proxy: Proxy(), setWindowRect: true, strictFileInteractability: false, timeouts: {implicit: 0, pageLoad: 300000, script: 30000}, unhandledPromptBehavior: dismiss and notify, userAgent: Mozilla/5.0 (Windows NT 10....}
Session ID: f74e0105-50b2-435d-895f-239ee93c1664]]>
            </message>
            <full-stacktrace>
              <![CDATA[org.openqa.selenium.NoSuchElementException: Unable to locate element: //*[@id='header']/div/div/div/div[2]/div/ul/li[10]/a/b
For documentation on this error, please visit: https://selenium.dev/exceptions/#no_such_element
Build info: version: '4.9.0', revision: 'd7057100a6'
System info: os.name: 'Windows 11', os.arch: 'amd64', os.version: '10.0', java.version: '17.0.9'
Driver info: org.openqa.selenium.firefox.FirefoxDriver
Command: [f74e0105-50b2-435d-895f-239ee93c1664, findElement {using=xpath, value=//*[@id='header']/div/div/div/div[2]/div/ul/li[10]/a/b}]
Capabilities {acceptInsecureCerts: true, browserName: firefox, browserVersion: 133.0.3, moz:accessibilityChecks: false, moz:buildID: 20241209150345, moz:geckodriverVersion: 0.35.0, moz:headless: true, moz:platformVersion: 10.0, moz:processID: 13728, moz:profile: C:\Users\g525585\AppData\Lo..., moz:shutdownTimeout: 60000, moz:webdriverClick: true, moz:windowless: false, pageLoadStrategy: normal, platformName: WINDOWS, proxy: Proxy(), setWindowRect: true, strictFileInteractability: false, timeouts: {implicit: 0, pageLoad: 300000, script: 30000}, unhandledPromptBehavior: dismiss and notify, userAgent: Mozilla/5.0 (Windows NT 10....}
Session ID: f74e0105-50b2-435d-895f-239ee93c1664
at java.base/jdk.internal.reflect.NativeConstructorAccessorImpl.newInstance0(Native Method)
at java.base/jdk.internal.reflect.NativeConstructorAccessorImpl.newInstance(NativeConstructorAccessorImpl.java:77)
at java.base/jdk.internal.reflect.DelegatingConstructorAccessorImpl.newInstance(DelegatingConstructorAccessorImpl.java:45)
at java.base/java.lang.reflect.Constructor.newInstanceWithCaller(Constructor.java:499)
at java.base/java.lang.reflect.Constructor.newInstance(Constructor.java:480)
at org.openqa.selenium.remote.codec.w3c.W3CHttpResponseCodec.createException(W3CHttpResponseCodec.java:200)
at org.openqa.selenium.remote.codec.w3c.W3CHttpResponseCodec.decode(W3CHttpResponseCodec.java:133)
at org.openqa.selenium.remote.codec.w3c.W3CHttpResponseCodec.decode(W3CHttpResponseCodec.java:53)
at org.openqa.selenium.remote.HttpCommandExecutor.execute(HttpCommandExecutor.java:193)
at org.openqa.selenium.remote.service.DriverCommandExecutor.invokeExecute(DriverCommandExecutor.java:183)
at org.openqa.selenium.remote.service.DriverCommandExecutor.execute(DriverCommandExecutor.java:158)
at org.openqa.selenium.remote.RemoteWebDriver.execute(RemoteWebDriver.java:543)
at org.openqa.selenium.remote.ElementLocation$ElementFinder$2.findElement(ElementLocation.java:162)
at org.openqa.selenium.remote.ElementLocation.findElement(ElementLocation.java:60)
at org.openqa.selenium.remote.RemoteWebDriver.findElement(RemoteWebDriver.java:352)
at org.openqa.selenium.remote.RemoteWebDriver.findElement(RemoteWebDriver.java:344)
at org.openqa.selenium.support.pagefactory.DefaultElementLocator.findElement(DefaultElementLocator.java:70)
at org.openqa.selenium.support.pagefactory.internal.LocatingElementHandler.invoke(LocatingElementHandler.java:39)
at jdk.proxy2/jdk.proxy2.$Proxy22.getText(Unknown Source)
at com.automationexercise.tests.TestCase2.verifyThatLoggedInAsUsernameIsVisible(TestCase2.java:49)
at com.automationexercise.tests.TestCase2.loginUserWithCorrectEmailAndPassword(TestCase2.java:32)
at com.automationexercise.tests.TestCase4.logoutUser(TestCase4.java:30)
at java.base/jdk.internal.reflect.NativeMethodAccessorImpl.invoke0(Native Method)
at java.base/jdk.internal.reflect.NativeMethodAccessorImpl.invoke(NativeMethodAccessorImpl.java:77)
at java.base/jdk.internal.reflect.DelegatingMethodAccessorImpl.invoke(DelegatingMethodAccessorImpl.java:43)
at java.base/java.lang.reflect.Method.invoke(Method.java:568)
at org.testng.internal.invokers.MethodInvocationHelper.invokeMethod(MethodInvocationHelper.java:139)
at org.testng.internal.invokers.TestInvoker.invokeMethod(TestInvoker.java:677)
at org.testng.internal.invokers.TestInvoker.invokeTestMethod(TestInvoker.java:221)
at org.testng.internal.invokers.MethodRunner.runInSequence(MethodRunner.java:50)
at org.testng.internal.invokers.TestInvoker$MethodInvocationAgent.invoke(TestInvoker.java:969)
at org.testng.internal.invokers.TestInvoker.invokeTestMethods(TestInvoker.java:194)
at org.testng.internal.invokers.TestMethodWorker.invokeTestMethods(TestMethodWorker.java:148)
at org.testng.internal.invokers.TestMethodWorker.run(TestMethodWorker.java:128)
at java.base/java.util.concurrent.ThreadPoolExecutor.runWorker(ThreadPoolExecutor.java:1136)
at java.base/java.util.concurrent.ThreadPoolExecutor$Worker.run(ThreadPoolExecutor.java:635)
at java.base/java.lang.Thread.run(Thread.java:842)
]]>
            </full-stacktrace>
          </exception> <!-- org.openqa.selenium.NoSuchElementException -->
          <reporter-output>
          </reporter-output>
        </test-method> <!-- logoutUser -->
        <test-method is-config="true" signature="tearDown()[pri:0, instance:com.automationexercise.tests.TestCase4@61874b9d]" started-at="2025-01-22T18:31:18 EET" name="tearDown" finished-at="2025-01-22T18:31:20 EET" duration-ms="1428" status="PASS">
          <reporter-output>
          </reporter-output>
        </test-method> <!-- tearDown -->
      </class> <!-- com.automationexercise.tests.TestCase4 -->
      <class name="com.automationexercise.tests.TestCase1">
        <test-method is-config="true" signature="setup()[pri:0, instance:com.automationexercise.tests.TestCase1@34208baa]" started-at="2025-01-22T18:29:52 EET" name="setup" finished-at="2025-01-22T18:30:16 EET" duration-ms="23857" status="PASS">
          <reporter-output>
          </reporter-output>
        </test-method> <!-- setup -->
        <test-method signature="registerUser()[pri:0, instance:com.automationexercise.tests.TestCase1@34208baa]" started-at="2025-01-22T18:30:16 EET" name="registerUser" description="Test Case 1: Register User" finished-at="2025-01-22T18:30:22 EET" duration-ms="5552" status="FAIL">
          <exception class="org.openqa.selenium.ElementClickInterceptedException">
            <message>
              <![CDATA[Element <select id="days" class="form-control" name="days"> is not clickable at point (251,637) because another element <iframe id="aswift_4" name="aswift_4" src="https://googleads.g.doubleclick.net/pagead/html/r20250116/r20190131/zrt_lookup_fy2021.html#RS-0-&adk=1812271801&client=ca-pub-1677597403311019&fa=1&ifi=5&uci=a!5&btvi=4"> obscures it
Build info: version: '4.9.0', revision: 'd7057100a6'
System info: os.name: 'Windows 11', os.arch: 'amd64', os.version: '10.0', java.version: '17.0.9'
Driver info: org.openqa.selenium.firefox.FirefoxDriver
Command: [c8f0776e-eb7f-41ea-a182-155f6d1c0bdc, clickElement {id=d49d2c41-623f-4874-a259-ef6fc57763fe}]
Capabilities {acceptInsecureCerts: true, browserName: firefox, browserVersion: 133.0.3, moz:accessibilityChecks: false, moz:buildID: 20241209150345, moz:geckodriverVersion: 0.35.0, moz:headless: true, moz:platformVersion: 10.0, moz:processID: 20188, moz:profile: C:\Users\g525585\AppData\Lo..., moz:shutdownTimeout: 60000, moz:webdriverClick: true, moz:windowless: false, pageLoadStrategy: normal, platformName: WINDOWS, proxy: Proxy(), setWindowRect: true, strictFileInteractability: false, timeouts: {implicit: 0, pageLoad: 300000, script: 30000}, unhandledPromptBehavior: dismiss and notify, userAgent: Mozilla/5.0 (Windows NT 10....}
Element: [[[[FirefoxDriver: firefox on WINDOWS (c8f0776e-eb7f-41ea-a182-155f6d1c0bdc)] -> id: days]] -> xpath: .//option[@value = "1"]]
Session ID: c8f0776e-eb7f-41ea-a182-155f6d1c0bdc]]>
            </message>
            <full-stacktrace>
              <![CDATA[org.openqa.selenium.ElementClickInterceptedException: Element <select id="days" class="form-control" name="days"> is not clickable at point (251,637) because another element <iframe id="aswift_4" name="aswift_4" src="https://googleads.g.doubleclick.net/pagead/html/r20250116/r20190131/zrt_lookup_fy2021.html#RS-0-&adk=1812271801&client=ca-pub-1677597403311019&fa=1&ifi=5&uci=a!5&btvi=4"> obscures it
Build info: version: '4.9.0', revision: 'd7057100a6'
System info: os.name: 'Windows 11', os.arch: 'amd64', os.version: '10.0', java.version: '17.0.9'
Driver info: org.openqa.selenium.firefox.FirefoxDriver
Command: [c8f0776e-eb7f-41ea-a182-155f6d1c0bdc, clickElement {id=d49d2c41-623f-4874-a259-ef6fc57763fe}]
Capabilities {acceptInsecureCerts: true, browserName: firefox, browserVersion: 133.0.3, moz:accessibilityChecks: false, moz:buildID: 20241209150345, moz:geckodriverVersion: 0.35.0, moz:headless: true, moz:platformVersion: 10.0, moz:processID: 20188, moz:profile: C:\Users\g525585\AppData\Lo..., moz:shutdownTimeout: 60000, moz:webdriverClick: true, moz:windowless: false, pageLoadStrategy: normal, platformName: WINDOWS, proxy: Proxy(), setWindowRect: true, strictFileInteractability: false, timeouts: {implicit: 0, pageLoad: 300000, script: 30000}, unhandledPromptBehavior: dismiss and notify, userAgent: Mozilla/5.0 (Windows NT 10....}
Element: [[[[FirefoxDriver: firefox on WINDOWS (c8f0776e-eb7f-41ea-a182-155f6d1c0bdc)] -> id: days]] -> xpath: .//option[@value = "1"]]
Session ID: c8f0776e-eb7f-41ea-a182-155f6d1c0bdc
at java.base/jdk.internal.reflect.NativeConstructorAccessorImpl.newInstance0(Native Method)
at java.base/jdk.internal.reflect.NativeConstructorAccessorImpl.newInstance(NativeConstructorAccessorImpl.java:77)
at java.base/jdk.internal.reflect.DelegatingConstructorAccessorImpl.newInstance(DelegatingConstructorAccessorImpl.java:45)
at java.base/java.lang.reflect.Constructor.newInstanceWithCaller(Constructor.java:499)
at java.base/java.lang.reflect.Constructor.newInstance(Constructor.java:480)
at org.openqa.selenium.remote.codec.w3c.W3CHttpResponseCodec.createException(W3CHttpResponseCodec.java:200)
at org.openqa.selenium.remote.codec.w3c.W3CHttpResponseCodec.decode(W3CHttpResponseCodec.java:133)
at org.openqa.selenium.remote.codec.w3c.W3CHttpResponseCodec.decode(W3CHttpResponseCodec.java:53)
at org.openqa.selenium.remote.HttpCommandExecutor.execute(HttpCommandExecutor.java:193)
at org.openqa.selenium.remote.service.DriverCommandExecutor.invokeExecute(DriverCommandExecutor.java:183)
at org.openqa.selenium.remote.service.DriverCommandExecutor.execute(DriverCommandExecutor.java:158)
at org.openqa.selenium.remote.RemoteWebDriver.execute(RemoteWebDriver.java:543)
at org.openqa.selenium.remote.RemoteWebElement.execute(RemoteWebElement.java:257)
at org.openqa.selenium.remote.RemoteWebElement.click(RemoteWebElement.java:78)
at org.openqa.selenium.support.ui.Select.setSelected(Select.java:320)
at org.openqa.selenium.support.ui.Select.selectByValue(Select.java:195)
at com.automationexercise.pages.EnterAccountInformationPage.fillAccountDetails(EnterAccountInformationPage.java:90)
at com.automationexercise.tests.TestCase1.verifyThatAccountCreatedIsVisible(TestCase1.java:79)
at com.automationexercise.tests.TestCase1.registerUser(TestCase1.java:45)
at java.base/jdk.internal.reflect.NativeMethodAccessorImpl.invoke0(Native Method)
at java.base/jdk.internal.reflect.NativeMethodAccessorImpl.invoke(NativeMethodAccessorImpl.java:77)
at java.base/jdk.internal.reflect.DelegatingMethodAccessorImpl.invoke(DelegatingMethodAccessorImpl.java:43)
at java.base/java.lang.reflect.Method.invoke(Method.java:568)
at org.testng.internal.invokers.MethodInvocationHelper.invokeMethod(MethodInvocationHelper.java:139)
at org.testng.internal.invokers.TestInvoker.invokeMethod(TestInvoker.java:677)
at org.testng.internal.invokers.TestInvoker.invokeTestMethod(TestInvoker.java:221)
at org.testng.internal.invokers.MethodRunner.runInSequence(MethodRunner.java:50)
at org.testng.internal.invokers.TestInvoker$MethodInvocationAgent.invoke(TestInvoker.java:969)
at org.testng.internal.invokers.TestInvoker.invokeTestMethods(TestInvoker.java:194)
at org.testng.internal.invokers.TestMethodWorker.invokeTestMethods(TestMethodWorker.java:148)
at org.testng.internal.invokers.TestMethodWorker.run(TestMethodWorker.java:128)
at java.base/java.util.concurrent.ThreadPoolExecutor.runWorker(ThreadPoolExecutor.java:1136)
at java.base/java.util.concurrent.ThreadPoolExecutor$Worker.run(ThreadPoolExecutor.java:635)
at java.base/java.lang.Thread.run(Thread.java:842)
]]>
            </full-stacktrace>
          </exception> <!-- org.openqa.selenium.ElementClickInterceptedException -->
          <reporter-output>
          </reporter-output>
        </test-method> <!-- registerUser -->
        <test-method is-config="true" signature="tearDown()[pri:0, instance:com.automationexercise.tests.TestCase1@34208baa]" started-at="2025-01-22T18:30:22 EET" name="tearDown" finished-at="2025-01-22T18:30:24 EET" duration-ms="2308" status="PASS">
          <reporter-output>
          </reporter-output>
        </test-method> <!-- tearDown -->
      </class> <!-- com.automationexercise.tests.TestCase1 -->
      <class name="com.automationexercise.tests.TestCase2">
        <test-method is-config="true" signature="setup()[pri:0, instance:com.automationexercise.tests.TestCase2@484149eb]" started-at="2025-01-22T18:30:24 EET" name="setup" finished-at="2025-01-22T18:30:37 EET" duration-ms="12996" status="PASS">
          <reporter-output>
          </reporter-output>
        </test-method> <!-- setup -->
        <test-method signature="loginUserWithCorrectEmailAndPassword()[pri:0, instance:com.automationexercise.tests.TestCase2@484149eb]" started-at="2025-01-22T18:30:37 EET" name="loginUserWithCorrectEmailAndPassword" description="Test Case 2: Login User with correct email and password" finished-at="2025-01-22T18:30:41 EET" duration-ms="3336" status="FAIL">
          <exception class="org.openqa.selenium.NoSuchElementException">
            <message>
              <![CDATA[Unable to locate element: //*[@id='header']/div/div/div/div[2]/div/ul/li[10]/a/b
For documentation on this error, please visit: https://selenium.dev/exceptions/#no_such_element
Build info: version: '4.9.0', revision: 'd7057100a6'
System info: os.name: 'Windows 11', os.arch: 'amd64', os.version: '10.0', java.version: '17.0.9'
Driver info: org.openqa.selenium.firefox.FirefoxDriver
Command: [7169f030-8f30-4397-ac09-de95fe46beab, findElement {using=xpath, value=//*[@id='header']/div/div/div/div[2]/div/ul/li[10]/a/b}]
Capabilities {acceptInsecureCerts: true, browserName: firefox, browserVersion: 133.0.3, moz:accessibilityChecks: false, moz:buildID: 20241209150345, moz:geckodriverVersion: 0.35.0, moz:headless: true, moz:platformVersion: 10.0, moz:processID: 31888, moz:profile: C:\Users\g525585\AppData\Lo..., moz:shutdownTimeout: 60000, moz:webdriverClick: true, moz:windowless: false, pageLoadStrategy: normal, platformName: WINDOWS, proxy: Proxy(), setWindowRect: true, strictFileInteractability: false, timeouts: {implicit: 0, pageLoad: 300000, script: 30000}, unhandledPromptBehavior: dismiss and notify, userAgent: Mozilla/5.0 (Windows NT 10....}
Session ID: 7169f030-8f30-4397-ac09-de95fe46beab]]>
            </message>
            <full-stacktrace>
              <![CDATA[org.openqa.selenium.NoSuchElementException: Unable to locate element: //*[@id='header']/div/div/div/div[2]/div/ul/li[10]/a/b
For documentation on this error, please visit: https://selenium.dev/exceptions/#no_such_element
Build info: version: '4.9.0', revision: 'd7057100a6'
System info: os.name: 'Windows 11', os.arch: 'amd64', os.version: '10.0', java.version: '17.0.9'
Driver info: org.openqa.selenium.firefox.FirefoxDriver
Command: [7169f030-8f30-4397-ac09-de95fe46beab, findElement {using=xpath, value=//*[@id='header']/div/div/div/div[2]/div/ul/li[10]/a/b}]
Capabilities {acceptInsecureCerts: true, browserName: firefox, browserVersion: 133.0.3, moz:accessibilityChecks: false, moz:buildID: 20241209150345, moz:geckodriverVersion: 0.35.0, moz:headless: true, moz:platformVersion: 10.0, moz:processID: 31888, moz:profile: C:\Users\g525585\AppData\Lo..., moz:shutdownTimeout: 60000, moz:webdriverClick: true, moz:windowless: false, pageLoadStrategy: normal, platformName: WINDOWS, proxy: Proxy(), setWindowRect: true, strictFileInteractability: false, timeouts: {implicit: 0, pageLoad: 300000, script: 30000}, unhandledPromptBehavior: dismiss and notify, userAgent: Mozilla/5.0 (Windows NT 10....}
Session ID: 7169f030-8f30-4397-ac09-de95fe46beab
at java.base/jdk.internal.reflect.NativeConstructorAccessorImpl.newInstance0(Native Method)
at java.base/jdk.internal.reflect.NativeConstructorAccessorImpl.newInstance(NativeConstructorAccessorImpl.java:77)
at java.base/jdk.internal.reflect.DelegatingConstructorAccessorImpl.newInstance(DelegatingConstructorAccessorImpl.java:45)
at java.base/java.lang.reflect.Constructor.newInstanceWithCaller(Constructor.java:499)
at java.base/java.lang.reflect.Constructor.newInstance(Constructor.java:480)
at org.openqa.selenium.remote.codec.w3c.W3CHttpResponseCodec.createException(W3CHttpResponseCodec.java:200)
at org.openqa.selenium.remote.codec.w3c.W3CHttpResponseCodec.decode(W3CHttpResponseCodec.java:133)
at org.openqa.selenium.remote.codec.w3c.W3CHttpResponseCodec.decode(W3CHttpResponseCodec.java:53)
at org.openqa.selenium.remote.HttpCommandExecutor.execute(HttpCommandExecutor.java:193)
at org.openqa.selenium.remote.service.DriverCommandExecutor.invokeExecute(DriverCommandExecutor.java:183)
at org.openqa.selenium.remote.service.DriverCommandExecutor.execute(DriverCommandExecutor.java:158)
at org.openqa.selenium.remote.RemoteWebDriver.execute(RemoteWebDriver.java:543)
at org.openqa.selenium.remote.ElementLocation$ElementFinder$2.findElement(ElementLocation.java:162)
at org.openqa.selenium.remote.ElementLocation.findElement(ElementLocation.java:60)
at org.openqa.selenium.remote.RemoteWebDriver.findElement(RemoteWebDriver.java:352)
at org.openqa.selenium.remote.RemoteWebDriver.findElement(RemoteWebDriver.java:344)
at org.openqa.selenium.support.pagefactory.DefaultElementLocator.findElement(DefaultElementLocator.java:70)
at org.openqa.selenium.support.pagefactory.internal.LocatingElementHandler.invoke(LocatingElementHandler.java:39)
at jdk.proxy2/jdk.proxy2.$Proxy22.getText(Unknown Source)
at com.automationexercise.tests.TestCase2.verifyThatLoggedInAsUsernameIsVisible(TestCase2.java:49)
at com.automationexercise.tests.TestCase2.loginUserWithCorrectEmailAndPassword(TestCase2.java:32)
at java.base/jdk.internal.reflect.NativeMethodAccessorImpl.invoke0(Native Method)
at java.base/jdk.internal.reflect.NativeMethodAccessorImpl.invoke(NativeMethodAccessorImpl.java:77)
at java.base/jdk.internal.reflect.DelegatingMethodAccessorImpl.invoke(DelegatingMethodAccessorImpl.java:43)
at java.base/java.lang.reflect.Method.invoke(Method.java:568)
at org.testng.internal.invokers.MethodInvocationHelper.invokeMethod(MethodInvocationHelper.java:139)
at org.testng.internal.invokers.TestInvoker.invokeMethod(TestInvoker.java:677)
at org.testng.internal.invokers.TestInvoker.invokeTestMethod(TestInvoker.java:221)
at org.testng.internal.invokers.MethodRunner.runInSequence(MethodRunner.java:50)
at org.testng.internal.invokers.TestInvoker$MethodInvocationAgent.invoke(TestInvoker.java:969)
at org.testng.internal.invokers.TestInvoker.invokeTestMethods(TestInvoker.java:194)
at org.testng.internal.invokers.TestMethodWorker.invokeTestMethods(TestMethodWorker.java:148)
at org.testng.internal.invokers.TestMethodWorker.run(TestMethodWorker.java:128)
at java.base/java.util.concurrent.ThreadPoolExecutor.runWorker(ThreadPoolExecutor.java:1136)
at java.base/java.util.concurrent.ThreadPoolExecutor$Worker.run(ThreadPoolExecutor.java:635)
at java.base/java.lang.Thread.run(Thread.java:842)
]]>
            </full-stacktrace>
          </exception> <!-- org.openqa.selenium.NoSuchElementException -->
          <reporter-output>
          </reporter-output>
        </test-method> <!-- loginUserWithCorrectEmailAndPassword -->
        <test-method is-config="true" signature="tearDown()[pri:0, instance:com.automationexercise.tests.TestCase2@484149eb]" started-at="2025-01-22T18:30:41 EET" name="tearDown" finished-at="2025-01-22T18:30:42 EET" duration-ms="1470" status="PASS">
          <reporter-output>
          </reporter-output>
        </test-method> <!-- tearDown -->
      </class> <!-- com.automationexercise.tests.TestCase2 -->
      <class name="com.automationexercise.tests.TestCase21">
        <test-method is-config="true" signature="setup()[pri:0, instance:com.automationexercise.tests.TestCase21@8bd076a]" started-at="2025-01-22T18:37:23 EET" name="setup" finished-at="2025-01-22T18:37:40 EET" duration-ms="17048" status="PASS">
          <reporter-output>
          </reporter-output>
        </test-method> <!-- setup -->
        <test-method signature="addReviewOnProduct()[pri:0, instance:com.automationexercise.tests.TestCase21@8bd076a]" started-at="2025-01-22T18:37:40 EET" name="addReviewOnProduct" description="Test Case 21: Add review on product" finished-at="2025-01-22T18:37:45 EET" duration-ms="5186" status="PASS">
          <reporter-output>
          </reporter-output>
        </test-method> <!-- addReviewOnProduct -->
        <test-method is-config="true" signature="tearDown()[pri:0, instance:com.automationexercise.tests.TestCase21@8bd076a]" started-at="2025-01-22T18:37:45 EET" name="tearDown" finished-at="2025-01-22T18:37:47 EET" duration-ms="1872" status="PASS">
          <reporter-output>
          </reporter-output>
        </test-method> <!-- tearDown -->
      </class> <!-- com.automationexercise.tests.TestCase21 -->
      <class name="com.automationexercise.tests.TestCase22">
        <test-method is-config="true" signature="setup()[pri:0, instance:com.automationexercise.tests.TestCase22@1de4285e]" started-at="2025-01-22T18:37:47 EET" name="setup" finished-at="2025-01-22T18:37:57 EET" duration-ms="10362" status="PASS">
          <reporter-output>
          </reporter-output>
        </test-method> <!-- setup -->
        <test-method signature="AddToCartFromRecommendedItems()[pri:0, instance:com.automationexercise.tests.TestCase22@1de4285e]" started-at="2025-01-22T18:37:57 EET" name="AddToCartFromRecommendedItems" description="Test Case 22: Add to cart from Recommended items" finished-at="2025-01-22T18:38:02 EET" duration-ms="5372" status="FAIL">
          <exception class="org.openqa.selenium.TimeoutException">
            <message>
              <![CDATA[Expected condition failed: waiting for condition (element to be clickable: [[FirefoxDriver: firefox on WINDOWS (5c8036ee-37d3-44e1-b6b8-a36ae218e041)] -> css selector: div[id='recommended-item-carousel'] a[class='btn btn-default add-to-cart']]) to be refreshed (tried for 5 second(s) with 500 milliseconds interval)
Build info: version: '4.9.0', revision: 'd7057100a6'
System info: os.name: 'Windows 11', os.arch: 'amd64', os.version: '10.0', java.version: '17.0.9'
Driver info: org.openqa.selenium.firefox.FirefoxDriver
Capabilities {acceptInsecureCerts: true, browserName: firefox, browserVersion: 133.0.3, moz:accessibilityChecks: false, moz:buildID: 20241209150345, moz:geckodriverVersion: 0.35.0, moz:headless: true, moz:platformVersion: 10.0, moz:processID: 32744, moz:profile: C:\Users\g525585\AppData\Lo..., moz:shutdownTimeout: 60000, moz:webdriverClick: true, moz:windowless: false, pageLoadStrategy: normal, platformName: WINDOWS, proxy: Proxy(), setWindowRect: true, strictFileInteractability: false, timeouts: {implicit: 0, pageLoad: 300000, script: 30000}, unhandledPromptBehavior: dismiss and notify, userAgent: Mozilla/5.0 (Windows NT 10....}
Session ID: 5c8036ee-37d3-44e1-b6b8-a36ae218e041]]>
            </message>
            <full-stacktrace>
              <![CDATA[org.openqa.selenium.TimeoutException: Expected condition failed: waiting for condition (element to be clickable: [[FirefoxDriver: firefox on WINDOWS (5c8036ee-37d3-44e1-b6b8-a36ae218e041)] -> css selector: div[id='recommended-item-carousel'] a[class='btn btn-default add-to-cart']]) to be refreshed (tried for 5 second(s) with 500 milliseconds interval)
Build info: version: '4.9.0', revision: 'd7057100a6'
System info: os.name: 'Windows 11', os.arch: 'amd64', os.version: '10.0', java.version: '17.0.9'
Driver info: org.openqa.selenium.firefox.FirefoxDriver
Capabilities {acceptInsecureCerts: true, browserName: firefox, browserVersion: 133.0.3, moz:accessibilityChecks: false, moz:buildID: 20241209150345, moz:geckodriverVersion: 0.35.0, moz:headless: true, moz:platformVersion: 10.0, moz:processID: 32744, moz:profile: C:\Users\g525585\AppData\Lo..., moz:shutdownTimeout: 60000, moz:webdriverClick: true, moz:windowless: false, pageLoadStrategy: normal, platformName: WINDOWS, proxy: Proxy(), setWindowRect: true, strictFileInteractability: false, timeouts: {implicit: 0, pageLoad: 300000, script: 30000}, unhandledPromptBehavior: dismiss and notify, userAgent: Mozilla/5.0 (Windows NT 10....}
Session ID: 5c8036ee-37d3-44e1-b6b8-a36ae218e041
at org.openqa.selenium.support.ui.WebDriverWait.timeoutException(WebDriverWait.java:87)
at org.openqa.selenium.support.ui.FluentWait.until(FluentWait.java:231)
at com.automationexercise.utils.SeleniumHelper.waitForElementToBeClickable(SeleniumHelper.java:33)
at com.automationexercise.pages.HomePage.blueTopAddToCartButtonClick(HomePage.java:137)
at com.automationexercise.tests.TestCase22.verifyThatProductIsDisplayedInCartPage(TestCase22.java:40)
at com.automationexercise.tests.TestCase22.AddToCartFromRecommendedItems(TestCase22.java:26)
at java.base/jdk.internal.reflect.NativeMethodAccessorImpl.invoke0(Native Method)
at java.base/jdk.internal.reflect.NativeMethodAccessorImpl.invoke(NativeMethodAccessorImpl.java:77)
at java.base/jdk.internal.reflect.DelegatingMethodAccessorImpl.invoke(DelegatingMethodAccessorImpl.java:43)
at java.base/java.lang.reflect.Method.invoke(Method.java:568)
at org.testng.internal.invokers.MethodInvocationHelper.invokeMethod(MethodInvocationHelper.java:139)
at org.testng.internal.invokers.TestInvoker.invokeMethod(TestInvoker.java:677)
at org.testng.internal.invokers.TestInvoker.invokeTestMethod(TestInvoker.java:221)
at org.testng.internal.invokers.MethodRunner.runInSequence(MethodRunner.java:50)
at org.testng.internal.invokers.TestInvoker$MethodInvocationAgent.invoke(TestInvoker.java:969)
at org.testng.internal.invokers.TestInvoker.invokeTestMethods(TestInvoker.java:194)
at org.testng.internal.invokers.TestMethodWorker.invokeTestMethods(TestMethodWorker.java:148)
at org.testng.internal.invokers.TestMethodWorker.run(TestMethodWorker.java:128)
at java.base/java.util.concurrent.ThreadPoolExecutor.runWorker(ThreadPoolExecutor.java:1136)
at java.base/java.util.concurrent.ThreadPoolExecutor$Worker.run(ThreadPoolExecutor.java:635)
at java.base/java.lang.Thread.run(Thread.java:842)
]]>
            </full-stacktrace>
          </exception> <!-- org.openqa.selenium.TimeoutException -->
          <reporter-output>
          </reporter-output>
        </test-method> <!-- AddToCartFromRecommendedItems -->
        <test-method is-config="true" signature="tearDown()[pri:0, instance:com.automationexercise.tests.TestCase22@1de4285e]" started-at="2025-01-22T18:38:02 EET" name="tearDown" finished-at="2025-01-22T18:38:04 EET" duration-ms="1452" status="PASS">
          <reporter-output>
          </reporter-output>
        </test-method> <!-- tearDown -->
      </class> <!-- com.automationexercise.tests.TestCase22 -->
      <class name="com.automationexercise.tests.TestCase23">
        <test-method is-config="true" signature="setup()[pri:0, instance:com.automationexercise.tests.TestCase23@1378eea2]" started-at="2025-01-22T18:38:04 EET" name="setup" finished-at="2025-01-22T18:38:19 EET" duration-ms="15578" status="PASS">
          <reporter-output>
          </reporter-output>
        </test-method> <!-- setup -->
        <test-method signature="verifyAddressDetailsInCheckoutPage()[pri:0, instance:com.automationexercise.tests.TestCase23@1378eea2]" started-at="2025-01-22T18:38:19 EET" name="verifyAddressDetailsInCheckoutPage" description="Test Case 23: Verify address details in checkout page" finished-at="2025-01-22T18:38:25 EET" duration-ms="5469" status="FAIL">
          <exception class="org.openqa.selenium.ElementClickInterceptedException">
            <message>
              <![CDATA[Element <select id="days" class="form-control" name="days"> is not clickable at point (251,637) because another element <iframe id="aswift_4" name="aswift_4" src="https://googleads.g.doubleclick.net/pagead/html/r20250116/r20190131/zrt_lookup_fy2021.html#RS-0-&adk=1812271801&client=ca-pub-1677597403311019&fa=1&ifi=5&uci=a!5&btvi=4"> obscures it
Build info: version: '4.9.0', revision: 'd7057100a6'
System info: os.name: 'Windows 11', os.arch: 'amd64', os.version: '10.0', java.version: '17.0.9'
Driver info: org.openqa.selenium.firefox.FirefoxDriver
Command: [de873047-28f5-470c-b71c-43bed3996cab, clickElement {id=7bed6e46-cd30-4976-891c-0e5a8bd81ee2}]
Capabilities {acceptInsecureCerts: true, browserName: firefox, browserVersion: 133.0.3, moz:accessibilityChecks: false, moz:buildID: 20241209150345, moz:geckodriverVersion: 0.35.0, moz:headless: true, moz:platformVersion: 10.0, moz:processID: 16392, moz:profile: C:\Users\g525585\AppData\Lo..., moz:shutdownTimeout: 60000, moz:webdriverClick: true, moz:windowless: false, pageLoadStrategy: normal, platformName: WINDOWS, proxy: Proxy(), setWindowRect: true, strictFileInteractability: false, timeouts: {implicit: 0, pageLoad: 300000, script: 30000}, unhandledPromptBehavior: dismiss and notify, userAgent: Mozilla/5.0 (Windows NT 10....}
Element: [[[[FirefoxDriver: firefox on WINDOWS (de873047-28f5-470c-b71c-43bed3996cab)] -> id: days]] -> xpath: .//option[@value = "1"]]
Session ID: de873047-28f5-470c-b71c-43bed3996cab]]>
            </message>
            <full-stacktrace>
              <![CDATA[org.openqa.selenium.ElementClickInterceptedException: Element <select id="days" class="form-control" name="days"> is not clickable at point (251,637) because another element <iframe id="aswift_4" name="aswift_4" src="https://googleads.g.doubleclick.net/pagead/html/r20250116/r20190131/zrt_lookup_fy2021.html#RS-0-&adk=1812271801&client=ca-pub-1677597403311019&fa=1&ifi=5&uci=a!5&btvi=4"> obscures it
Build info: version: '4.9.0', revision: 'd7057100a6'
System info: os.name: 'Windows 11', os.arch: 'amd64', os.version: '10.0', java.version: '17.0.9'
Driver info: org.openqa.selenium.firefox.FirefoxDriver
Command: [de873047-28f5-470c-b71c-43bed3996cab, clickElement {id=7bed6e46-cd30-4976-891c-0e5a8bd81ee2}]
Capabilities {acceptInsecureCerts: true, browserName: firefox, browserVersion: 133.0.3, moz:accessibilityChecks: false, moz:buildID: 20241209150345, moz:geckodriverVersion: 0.35.0, moz:headless: true, moz:platformVersion: 10.0, moz:processID: 16392, moz:profile: C:\Users\g525585\AppData\Lo..., moz:shutdownTimeout: 60000, moz:webdriverClick: true, moz:windowless: false, pageLoadStrategy: normal, platformName: WINDOWS, proxy: Proxy(), setWindowRect: true, strictFileInteractability: false, timeouts: {implicit: 0, pageLoad: 300000, script: 30000}, unhandledPromptBehavior: dismiss and notify, userAgent: Mozilla/5.0 (Windows NT 10....}
Element: [[[[FirefoxDriver: firefox on WINDOWS (de873047-28f5-470c-b71c-43bed3996cab)] -> id: days]] -> xpath: .//option[@value = "1"]]
Session ID: de873047-28f5-470c-b71c-43bed3996cab
at java.base/jdk.internal.reflect.NativeConstructorAccessorImpl.newInstance0(Native Method)
at java.base/jdk.internal.reflect.NativeConstructorAccessorImpl.newInstance(NativeConstructorAccessorImpl.java:77)
at java.base/jdk.internal.reflect.DelegatingConstructorAccessorImpl.newInstance(DelegatingConstructorAccessorImpl.java:45)
at java.base/java.lang.reflect.Constructor.newInstanceWithCaller(Constructor.java:499)
at java.base/java.lang.reflect.Constructor.newInstance(Constructor.java:480)
at org.openqa.selenium.remote.codec.w3c.W3CHttpResponseCodec.createException(W3CHttpResponseCodec.java:200)
at org.openqa.selenium.remote.codec.w3c.W3CHttpResponseCodec.decode(W3CHttpResponseCodec.java:133)
at org.openqa.selenium.remote.codec.w3c.W3CHttpResponseCodec.decode(W3CHttpResponseCodec.java:53)
at org.openqa.selenium.remote.HttpCommandExecutor.execute(HttpCommandExecutor.java:193)
at org.openqa.selenium.remote.service.DriverCommandExecutor.invokeExecute(DriverCommandExecutor.java:183)
at org.openqa.selenium.remote.service.DriverCommandExecutor.execute(DriverCommandExecutor.java:158)
at org.openqa.selenium.remote.RemoteWebDriver.execute(RemoteWebDriver.java:543)
at org.openqa.selenium.remote.RemoteWebElement.execute(RemoteWebElement.java:257)
at org.openqa.selenium.remote.RemoteWebElement.click(RemoteWebElement.java:78)
at org.openqa.selenium.support.ui.Select.setSelected(Select.java:320)
at org.openqa.selenium.support.ui.Select.selectByValue(Select.java:195)
at com.automationexercise.pages.EnterAccountInformationPage.fillAccountDetails(EnterAccountInformationPage.java:90)
at com.automationexercise.tests.TestCase14.verifyAccountCreatedAndClickContinueButton(TestCase14.java:69)
at com.automationexercise.tests.TestCase23.verifyAddressDetailsInCheckoutPage(TestCase23.java:37)
at java.base/jdk.internal.reflect.NativeMethodAccessorImpl.invoke0(Native Method)
at java.base/jdk.internal.reflect.NativeMethodAccessorImpl.invoke(NativeMethodAccessorImpl.java:77)
at java.base/jdk.internal.reflect.DelegatingMethodAccessorImpl.invoke(DelegatingMethodAccessorImpl.java:43)
at java.base/java.lang.reflect.Method.invoke(Method.java:568)
at org.testng.internal.invokers.MethodInvocationHelper.invokeMethod(MethodInvocationHelper.java:139)
at org.testng.internal.invokers.TestInvoker.invokeMethod(TestInvoker.java:677)
at org.testng.internal.invokers.TestInvoker.invokeTestMethod(TestInvoker.java:221)
at org.testng.internal.invokers.MethodRunner.runInSequence(MethodRunner.java:50)
at org.testng.internal.invokers.TestInvoker$MethodInvocationAgent.invoke(TestInvoker.java:969)
at org.testng.internal.invokers.TestInvoker.invokeTestMethods(TestInvoker.java:194)
at org.testng.internal.invokers.TestMethodWorker.invokeTestMethods(TestMethodWorker.java:148)
at org.testng.internal.invokers.TestMethodWorker.run(TestMethodWorker.java:128)
at java.base/java.util.concurrent.ThreadPoolExecutor.runWorker(ThreadPoolExecutor.java:1136)
at java.base/java.util.concurrent.ThreadPoolExecutor$Worker.run(ThreadPoolExecutor.java:635)
at java.base/java.lang.Thread.run(Thread.java:842)
]]>
            </full-stacktrace>
          </exception> <!-- org.openqa.selenium.ElementClickInterceptedException -->
          <reporter-output>
          </reporter-output>
        </test-method> <!-- verifyAddressDetailsInCheckoutPage -->
        <test-method is-config="true" signature="tearDown()[pri:0, instance:com.automationexercise.tests.TestCase23@1378eea2]" started-at="2025-01-22T18:38:25 EET" name="tearDown" finished-at="2025-01-22T18:38:27 EET" duration-ms="1669" status="PASS">
          <reporter-output>
          </reporter-output>
        </test-method> <!-- tearDown -->
      </class> <!-- com.automationexercise.tests.TestCase23 -->
      <class name="com.automationexercise.tests.TestCase24">
        <test-method is-config="true" signature="setup()[pri:0, instance:com.automationexercise.tests.TestCase24@634ff56]" started-at="2025-01-22T18:38:27 EET" name="setup" finished-at="2025-01-22T18:38:38 EET" duration-ms="11269" status="PASS">
          <reporter-output>
          </reporter-output>
        </test-method> <!-- setup -->
        <test-method signature="downloadInvoiceAfterPurchaseOrder()[pri:0, instance:com.automationexercise.tests.TestCase24@634ff56]" started-at="2025-01-22T18:38:38 EET" name="downloadInvoiceAfterPurchaseOrder" description="Test Case 24: Download Invoice after purchase order" finished-at="2025-01-22T18:38:46 EET" duration-ms="8504" status="FAIL">
          <exception class="org.openqa.selenium.ElementClickInterceptedException">
            <message>
              <![CDATA[Element <select id="days" class="form-control" name="days"> is not clickable at point (251,637) because another element <iframe id="aswift_6" name="aswift_6" src="https://googleads.g.doubleclick.net/pagead/html/r20250116/r20190131/zrt_lookup_fy2021.html#RS-0-&adk=1812271801&client=ca-pub-1677597403311019&fa=1&ifi=7&uci=a!7&btvi=5"> obscures it
Build info: version: '4.9.0', revision: 'd7057100a6'
System info: os.name: 'Windows 11', os.arch: 'amd64', os.version: '10.0', java.version: '17.0.9'
Driver info: org.openqa.selenium.firefox.FirefoxDriver
Command: [1b7ed436-987c-45c0-a618-96b22e9aca7e, clickElement {id=d5fc7729-bdea-4dde-96c7-33689202bbe6}]
Capabilities {acceptInsecureCerts: true, browserName: firefox, browserVersion: 133.0.3, moz:accessibilityChecks: false, moz:buildID: 20241209150345, moz:geckodriverVersion: 0.35.0, moz:headless: true, moz:platformVersion: 10.0, moz:processID: 8004, moz:profile: C:\Users\g525585\AppData\Lo..., moz:shutdownTimeout: 60000, moz:webdriverClick: true, moz:windowless: false, pageLoadStrategy: normal, platformName: WINDOWS, proxy: Proxy(), setWindowRect: true, strictFileInteractability: false, timeouts: {implicit: 0, pageLoad: 300000, script: 30000}, unhandledPromptBehavior: dismiss and notify, userAgent: Mozilla/5.0 (Windows NT 10....}
Element: [[[[FirefoxDriver: firefox on WINDOWS (1b7ed436-987c-45c0-a618-96b22e9aca7e)] -> id: days]] -> xpath: .//option[@value = "1"]]
Session ID: 1b7ed436-987c-45c0-a618-96b22e9aca7e]]>
            </message>
            <full-stacktrace>
              <![CDATA[org.openqa.selenium.ElementClickInterceptedException: Element <select id="days" class="form-control" name="days"> is not clickable at point (251,637) because another element <iframe id="aswift_6" name="aswift_6" src="https://googleads.g.doubleclick.net/pagead/html/r20250116/r20190131/zrt_lookup_fy2021.html#RS-0-&adk=1812271801&client=ca-pub-1677597403311019&fa=1&ifi=7&uci=a!7&btvi=5"> obscures it
Build info: version: '4.9.0', revision: 'd7057100a6'
System info: os.name: 'Windows 11', os.arch: 'amd64', os.version: '10.0', java.version: '17.0.9'
Driver info: org.openqa.selenium.firefox.FirefoxDriver
Command: [1b7ed436-987c-45c0-a618-96b22e9aca7e, clickElement {id=d5fc7729-bdea-4dde-96c7-33689202bbe6}]
Capabilities {acceptInsecureCerts: true, browserName: firefox, browserVersion: 133.0.3, moz:accessibilityChecks: false, moz:buildID: 20241209150345, moz:geckodriverVersion: 0.35.0, moz:headless: true, moz:platformVersion: 10.0, moz:processID: 8004, moz:profile: C:\Users\g525585\AppData\Lo..., moz:shutdownTimeout: 60000, moz:webdriverClick: true, moz:windowless: false, pageLoadStrategy: normal, platformName: WINDOWS, proxy: Proxy(), setWindowRect: true, strictFileInteractability: false, timeouts: {implicit: 0, pageLoad: 300000, script: 30000}, unhandledPromptBehavior: dismiss and notify, userAgent: Mozilla/5.0 (Windows NT 10....}
Element: [[[[FirefoxDriver: firefox on WINDOWS (1b7ed436-987c-45c0-a618-96b22e9aca7e)] -> id: days]] -> xpath: .//option[@value = "1"]]
Session ID: 1b7ed436-987c-45c0-a618-96b22e9aca7e
at java.base/jdk.internal.reflect.NativeConstructorAccessorImpl.newInstance0(Native Method)
at java.base/jdk.internal.reflect.NativeConstructorAccessorImpl.newInstance(NativeConstructorAccessorImpl.java:77)
at java.base/jdk.internal.reflect.DelegatingConstructorAccessorImpl.newInstance(DelegatingConstructorAccessorImpl.java:45)
at java.base/java.lang.reflect.Constructor.newInstanceWithCaller(Constructor.java:499)
at java.base/java.lang.reflect.Constructor.newInstance(Constructor.java:480)
at org.openqa.selenium.remote.codec.w3c.W3CHttpResponseCodec.createException(W3CHttpResponseCodec.java:200)
at org.openqa.selenium.remote.codec.w3c.W3CHttpResponseCodec.decode(W3CHttpResponseCodec.java:133)
at org.openqa.selenium.remote.codec.w3c.W3CHttpResponseCodec.decode(W3CHttpResponseCodec.java:53)
at org.openqa.selenium.remote.HttpCommandExecutor.execute(HttpCommandExecutor.java:193)
at org.openqa.selenium.remote.service.DriverCommandExecutor.invokeExecute(DriverCommandExecutor.java:183)
at org.openqa.selenium.remote.service.DriverCommandExecutor.execute(DriverCommandExecutor.java:158)
at org.openqa.selenium.remote.RemoteWebDriver.execute(RemoteWebDriver.java:543)
at org.openqa.selenium.remote.RemoteWebElement.execute(RemoteWebElement.java:257)
at org.openqa.selenium.remote.RemoteWebElement.click(RemoteWebElement.java:78)
at org.openqa.selenium.support.ui.Select.setSelected(Select.java:320)
at org.openqa.selenium.support.ui.Select.selectByValue(Select.java:195)
at com.automationexercise.pages.EnterAccountInformationPage.fillAccountDetails(EnterAccountInformationPage.java:90)
at com.automationexercise.tests.TestCase14.verifyAccountCreatedAndClickContinueButton(TestCase14.java:69)
at com.automationexercise.tests.TestCase24.downloadInvoiceAfterPurchaseOrder(TestCase24.java:49)
at java.base/jdk.internal.reflect.NativeMethodAccessorImpl.invoke0(Native Method)
at java.base/jdk.internal.reflect.NativeMethodAccessorImpl.invoke(NativeMethodAccessorImpl.java:77)
at java.base/jdk.internal.reflect.DelegatingMethodAccessorImpl.invoke(DelegatingMethodAccessorImpl.java:43)
at java.base/java.lang.reflect.Method.invoke(Method.java:568)
at org.testng.internal.invokers.MethodInvocationHelper.invokeMethod(MethodInvocationHelper.java:139)
at org.testng.internal.invokers.TestInvoker.invokeMethod(TestInvoker.java:677)
at org.testng.internal.invokers.TestInvoker.invokeTestMethod(TestInvoker.java:221)
at org.testng.internal.invokers.MethodRunner.runInSequence(MethodRunner.java:50)
at org.testng.internal.invokers.TestInvoker$MethodInvocationAgent.invoke(TestInvoker.java:969)
at org.testng.internal.invokers.TestInvoker.invokeTestMethods(TestInvoker.java:194)
at org.testng.internal.invokers.TestMethodWorker.invokeTestMethods(TestMethodWorker.java:148)
at org.testng.internal.invokers.TestMethodWorker.run(TestMethodWorker.java:128)
at java.base/java.util.concurrent.ThreadPoolExecutor.runWorker(ThreadPoolExecutor.java:1136)
at java.base/java.util.concurrent.ThreadPoolExecutor$Worker.run(ThreadPoolExecutor.java:635)
at java.base/java.lang.Thread.run(Thread.java:842)
]]>
            </full-stacktrace>
          </exception> <!-- org.openqa.selenium.ElementClickInterceptedException -->
          <reporter-output>
          </reporter-output>
        </test-method> <!-- downloadInvoiceAfterPurchaseOrder -->
        <test-method is-config="true" signature="tearDown()[pri:0, instance:com.automationexercise.tests.TestCase24@634ff56]" started-at="2025-01-22T18:38:46 EET" name="tearDown" finished-at="2025-01-22T18:38:48 EET" duration-ms="1525" status="PASS">
          <reporter-output>
          </reporter-output>
        </test-method> <!-- tearDown -->
      </class> <!-- com.automationexercise.tests.TestCase24 -->
      <class name="com.automationexercise.tests.TestCase25">
        <test-method is-config="true" signature="setup()[pri:0, instance:com.automationexercise.tests.TestCase25@66522ead]" started-at="2025-01-22T18:38:48 EET" name="setup" finished-at="2025-01-22T18:39:05 EET" duration-ms="17538" status="PASS">
          <reporter-output>
          </reporter-output>
        </test-method> <!-- setup -->
        <test-method signature="verifyScrollUpUsingArrowButtonAndScrollDownFunctionality()[pri:0, instance:com.automationexercise.tests.TestCase25@66522ead]" started-at="2025-01-22T18:39:06 EET" name="verifyScrollUpUsingArrowButtonAndScrollDownFunctionality" description="Test Case 25: Verify Scroll Up using &#039;Arrow&#039; button and Scroll Down functionality" finished-at="2025-01-22T18:39:07 EET" duration-ms="1415" status="FAIL">
          <exception class="java.lang.ClassCastException">
            <message>
              <![CDATA[class java.lang.Long cannot be cast to class java.lang.Double (java.lang.Long and java.lang.Double are in module java.base of loader 'bootstrap')]]>
            </message>
            <full-stacktrace>
              <![CDATA[java.lang.ClassCastException: class java.lang.Long cannot be cast to class java.lang.Double (java.lang.Long and java.lang.Double are in module java.base of loader 'bootstrap')
at com.automationexercise.tests.TestCase25.verifyThatPageIsScrolledUpAndFullFledgedPracticeWebsiteForAutomationEngineersTextIsVisibleOnScreen(TestCase25.java:47)
at com.automationexercise.tests.TestCase25.verifyScrollUpUsingArrowButtonAndScrollDownFunctionality(TestCase25.java:27)
at java.base/jdk.internal.reflect.NativeMethodAccessorImpl.invoke0(Native Method)
at java.base/jdk.internal.reflect.NativeMethodAccessorImpl.invoke(NativeMethodAccessorImpl.java:77)
at java.base/jdk.internal.reflect.DelegatingMethodAccessorImpl.invoke(DelegatingMethodAccessorImpl.java:43)
at java.base/java.lang.reflect.Method.invoke(Method.java:568)
at org.testng.internal.invokers.MethodInvocationHelper.invokeMethod(MethodInvocationHelper.java:139)
at org.testng.internal.invokers.TestInvoker.invokeMethod(TestInvoker.java:677)
at org.testng.internal.invokers.TestInvoker.invokeTestMethod(TestInvoker.java:221)
at org.testng.internal.invokers.MethodRunner.runInSequence(MethodRunner.java:50)
at org.testng.internal.invokers.TestInvoker$MethodInvocationAgent.invoke(TestInvoker.java:969)
at org.testng.internal.invokers.TestInvoker.invokeTestMethods(TestInvoker.java:194)
at org.testng.internal.invokers.TestMethodWorker.invokeTestMethods(TestMethodWorker.java:148)
at org.testng.internal.invokers.TestMethodWorker.run(TestMethodWorker.java:128)
at java.base/java.util.concurrent.ThreadPoolExecutor.runWorker(ThreadPoolExecutor.java:1136)
at java.base/java.util.concurrent.ThreadPoolExecutor$Worker.run(ThreadPoolExecutor.java:635)
at java.base/java.lang.Thread.run(Thread.java:842)
]]>
            </full-stacktrace>
          </exception> <!-- java.lang.ClassCastException -->
          <reporter-output>
          </reporter-output>
        </test-method> <!-- verifyScrollUpUsingArrowButtonAndScrollDownFunctionality -->
        <test-method is-config="true" signature="tearDown()[pri:0, instance:com.automationexercise.tests.TestCase25@66522ead]" started-at="2025-01-22T18:39:07 EET" name="tearDown" finished-at="2025-01-22T18:39:08 EET" duration-ms="1442" status="PASS">
          <reporter-output>
          </reporter-output>
        </test-method> <!-- tearDown -->
      </class> <!-- com.automationexercise.tests.TestCase25 -->
      <class name="com.automationexercise.tests.TestCase26">
        <test-method is-config="true" signature="setup()[pri:0, instance:com.automationexercise.tests.TestCase26@5a484ce1]" started-at="2025-01-22T18:39:08 EET" name="setup" finished-at="2025-01-22T18:39:23 EET" duration-ms="14857" status="PASS">
          <reporter-output>
          </reporter-output>
        </test-method> <!-- setup -->
        <test-method signature="verifyScrollUpWithoutArrowButtonAndScrollDownFunctionality()[pri:0, instance:com.automationexercise.tests.TestCase26@5a484ce1]" started-at="2025-01-22T18:39:23 EET" name="verifyScrollUpWithoutArrowButtonAndScrollDownFunctionality" description="Test Case 26: Verify Scroll Up without &#039;Arrow&#039; button and Scroll Down functionality" finished-at="2025-01-22T18:39:24 EET" duration-ms="1216" status="FAIL">
          <exception class="java.lang.ClassCastException">
            <message>
              <![CDATA[class java.lang.Long cannot be cast to class java.lang.Double (java.lang.Long and java.lang.Double are in module java.base of loader 'bootstrap')]]>
            </message>
            <full-stacktrace>
              <![CDATA[java.lang.ClassCastException: class java.lang.Long cannot be cast to class java.lang.Double (java.lang.Long and java.lang.Double are in module java.base of loader 'bootstrap')
at com.automationexercise.tests.TestCase26.verifyThatPageIsScrolledUpAndFullFledgedPracticeWebsiteForAutomationEngineersTextIsVisibleOnScreen(TestCase26.java:37)
at com.automationexercise.tests.TestCase26.verifyScrollUpWithoutArrowButtonAndScrollDownFunctionality(TestCase26.java:27)
at java.base/jdk.internal.reflect.NativeMethodAccessorImpl.invoke0(Native Method)
at java.base/jdk.internal.reflect.NativeMethodAccessorImpl.invoke(NativeMethodAccessorImpl.java:77)
at java.base/jdk.internal.reflect.DelegatingMethodAccessorImpl.invoke(DelegatingMethodAccessorImpl.java:43)
at java.base/java.lang.reflect.Method.invoke(Method.java:568)
at org.testng.internal.invokers.MethodInvocationHelper.invokeMethod(MethodInvocationHelper.java:139)
at org.testng.internal.invokers.TestInvoker.invokeMethod(TestInvoker.java:677)
at org.testng.internal.invokers.TestInvoker.invokeTestMethod(TestInvoker.java:221)
at org.testng.internal.invokers.MethodRunner.runInSequence(MethodRunner.java:50)
at org.testng.internal.invokers.TestInvoker$MethodInvocationAgent.invoke(TestInvoker.java:969)
at org.testng.internal.invokers.TestInvoker.invokeTestMethods(TestInvoker.java:194)
at org.testng.internal.invokers.TestMethodWorker.invokeTestMethods(TestMethodWorker.java:148)
at org.testng.internal.invokers.TestMethodWorker.run(TestMethodWorker.java:128)
at java.base/java.util.concurrent.ThreadPoolExecutor.runWorker(ThreadPoolExecutor.java:1136)
at java.base/java.util.concurrent.ThreadPoolExecutor$Worker.run(ThreadPoolExecutor.java:635)
at java.base/java.lang.Thread.run(Thread.java:842)
]]>
            </full-stacktrace>
          </exception> <!-- java.lang.ClassCastException -->
          <reporter-output>
          </reporter-output>
        </test-method> <!-- verifyScrollUpWithoutArrowButtonAndScrollDownFunctionality -->
        <test-method is-config="true" signature="tearDown()[pri:0, instance:com.automationexercise.tests.TestCase26@5a484ce1]" started-at="2025-01-22T18:39:24 EET" name="tearDown" finished-at="2025-01-22T18:39:26 EET" duration-ms="1483" status="PASS">
          <reporter-output>
          </reporter-output>
        </test-method> <!-- tearDown -->
      </class> <!-- com.automationexercise.tests.TestCase26 -->
      <class name="com.automationexercise.tests.TestCase9">
        <test-method is-config="true" signature="setup()[pri:0, instance:com.automationexercise.tests.TestCase9@70a898b0]" started-at="2025-01-22T18:32:52 EET" name="setup" finished-at="2025-01-22T18:33:09 EET" duration-ms="16615" status="PASS">
          <reporter-output>
          </reporter-output>
        </test-method> <!-- setup -->
        <test-method signature="searchProduct()[pri:0, instance:com.automationexercise.tests.TestCase9@70a898b0]" started-at="2025-01-22T18:33:09 EET" name="searchProduct" description="Test Case 9: Search Product" finished-at="2025-01-22T18:33:14 EET" duration-ms="5153" status="PASS">
          <reporter-output>
          </reporter-output>
        </test-method> <!-- searchProduct -->
        <test-method is-config="true" signature="tearDown()[pri:0, instance:com.automationexercise.tests.TestCase9@70a898b0]" started-at="2025-01-22T18:33:14 EET" name="tearDown" finished-at="2025-01-22T18:33:15 EET" duration-ms="1418" status="PASS">
          <reporter-output>
          </reporter-output>
        </test-method> <!-- tearDown -->
      </class> <!-- com.automationexercise.tests.TestCase9 -->
      <class name="com.automationexercise.tests.TestCase18">
        <test-method is-config="true" signature="setup()[pri:0, instance:com.automationexercise.tests.TestCase18@429aeac1]" started-at="2025-01-22T18:35:51 EET" name="setup" finished-at="2025-01-22T18:36:06 EET" duration-ms="15055" status="PASS">
          <reporter-output>
          </reporter-output>
        </test-method> <!-- setup -->
        <test-method signature="viewCategoryProducts()[pri:0, instance:com.automationexercise.tests.TestCase18@429aeac1]" started-at="2025-01-22T18:36:06 EET" name="viewCategoryProducts" description="Test Case 18: View Category Products" finished-at="2025-01-22T18:36:10 EET" duration-ms="4506" status="PASS">
          <reporter-output>
          </reporter-output>
        </test-method> <!-- viewCategoryProducts -->
        <test-method is-config="true" signature="tearDown()[pri:0, instance:com.automationexercise.tests.TestCase18@429aeac1]" started-at="2025-01-22T18:36:10 EET" name="tearDown" finished-at="2025-01-22T18:36:12 EET" duration-ms="1412" status="PASS">
          <reporter-output>
          </reporter-output>
        </test-method> <!-- tearDown -->
      </class> <!-- com.automationexercise.tests.TestCase18 -->
      <class name="com.automationexercise.tests.TestCase19">
        <test-method is-config="true" signature="setup()[pri:0, instance:com.automationexercise.tests.TestCase19@79eeff87]" started-at="2025-01-22T18:36:12 EET" name="setup" finished-at="2025-01-22T18:36:30 EET" duration-ms="17879" status="PASS">
          <reporter-output>
          </reporter-output>
        </test-method> <!-- setup -->
        <test-method signature="viewCartBrandProducts()[pri:0, instance:com.automationexercise.tests.TestCase19@79eeff87]" started-at="2025-01-22T18:36:30 EET" name="viewCartBrandProducts" description="Test Case 19: View &amp; Cart Brand Products" finished-at="2025-01-22T18:36:38 EET" duration-ms="7935" status="PASS">
          <reporter-output>
          </reporter-output>
        </test-method> <!-- viewCartBrandProducts -->
        <test-method is-config="true" signature="tearDown()[pri:0, instance:com.automationexercise.tests.TestCase19@79eeff87]" started-at="2025-01-22T18:36:38 EET" name="tearDown" finished-at="2025-01-22T18:36:39 EET" duration-ms="1436" status="PASS">
          <reporter-output>
          </reporter-output>
        </test-method> <!-- tearDown -->
      </class> <!-- com.automationexercise.tests.TestCase19 -->
      <class name="com.automationexercise.tests.TestCase10">
        <test-method is-config="true" signature="setup()[pri:0, instance:com.automationexercise.tests.TestCase10@7bdf61ad]" started-at="2025-01-22T18:33:15 EET" name="setup" finished-at="2025-01-22T18:33:32 EET" duration-ms="16416" status="PASS">
          <reporter-output>
          </reporter-output>
        </test-method> <!-- setup -->
        <test-method signature="verifySubscriptionInHomePage()[pri:0, instance:com.automationexercise.tests.TestCase10@7bdf61ad]" started-at="2025-01-22T18:33:32 EET" name="verifySubscriptionInHomePage" description="Test Case 10: Verify Subscription in home page" finished-at="2025-01-22T18:33:32 EET" duration-ms="525" status="PASS">
          <reporter-output>
          </reporter-output>
        </test-method> <!-- verifySubscriptionInHomePage -->
        <test-method is-config="true" signature="tearDown()[pri:0, instance:com.automationexercise.tests.TestCase10@7bdf61ad]" started-at="2025-01-22T18:33:32 EET" name="tearDown" finished-at="2025-01-22T18:33:35 EET" duration-ms="2624" status="PASS">
          <reporter-output>
          </reporter-output>
        </test-method> <!-- tearDown -->
      </class> <!-- com.automationexercise.tests.TestCase10 -->
      <class name="com.automationexercise.tests.TestCase11">
        <test-method is-config="true" signature="setup()[pri:0, instance:com.automationexercise.tests.TestCase11@54336976]" started-at="2025-01-22T18:33:35 EET" name="setup" finished-at="2025-01-22T18:33:50 EET" duration-ms="14693" status="PASS">
          <reporter-output>
          </reporter-output>
        </test-method> <!-- setup -->
        <test-method signature="verifySubscriptionInCartPage()[pri:0, instance:com.automationexercise.tests.TestCase11@54336976]" started-at="2025-01-22T18:33:50 EET" name="verifySubscriptionInCartPage" description="Test Case 11: Verify Subscription in Cart page" finished-at="2025-01-22T18:33:51 EET" duration-ms="1845" status="PASS">
          <reporter-output>
          </reporter-output>
        </test-method> <!-- verifySubscriptionInCartPage -->
        <test-method is-config="true" signature="tearDown()[pri:0, instance:com.automationexercise.tests.TestCase11@54336976]" started-at="2025-01-22T18:33:51 EET" name="tearDown" finished-at="2025-01-22T18:33:53 EET" duration-ms="1441" status="PASS">
          <reporter-output>
          </reporter-output>
        </test-method> <!-- tearDown -->
      </class> <!-- com.automationexercise.tests.TestCase11 -->
      <class name="com.automationexercise.tests.TestCase12">
        <test-method is-config="true" signature="setup()[pri:0, instance:com.automationexercise.tests.TestCase12@f25f48a]" started-at="2025-01-22T18:33:53 EET" name="setup" finished-at="2025-01-22T18:34:05 EET" duration-ms="12275" status="PASS">
          <reporter-output>
          </reporter-output>
        </test-method> <!-- setup -->
        <test-method signature="addProductsInCart()[pri:0, instance:com.automationexercise.tests.TestCase12@f25f48a]" started-at="2025-01-22T18:34:05 EET" name="addProductsInCart" description="Test Case 12: Add Products in Cart" finished-at="2025-01-22T18:34:13 EET" duration-ms="7626" status="PASS">
          <reporter-output>
          </reporter-output>
        </test-method> <!-- addProductsInCart -->
        <test-method is-config="true" signature="tearDown()[pri:0, instance:com.automationexercise.tests.TestCase12@f25f48a]" started-at="2025-01-22T18:34:13 EET" name="tearDown" finished-at="2025-01-22T18:34:14 EET" duration-ms="1423" status="PASS">
          <reporter-output>
          </reporter-output>
        </test-method> <!-- tearDown -->
      </class> <!-- com.automationexercise.tests.TestCase12 -->
      <class name="com.automationexercise.tests.TestCase13">
        <test-method is-config="true" signature="setup()[pri:0, instance:com.automationexercise.tests.TestCase13@3b7c80c6]" started-at="2025-01-22T18:34:14 EET" name="setup" finished-at="2025-01-22T18:34:25 EET" duration-ms="10847" status="PASS">
          <reporter-output>
          </reporter-output>
        </test-method> <!-- setup -->
        <test-method signature="verifyProductQuantityInCart()[pri:0, instance:com.automationexercise.tests.TestCase13@3b7c80c6]" started-at="2025-01-22T18:34:25 EET" name="verifyProductQuantityInCart" description="Test Case 13: Verify Product quantity in Cart" finished-at="2025-01-22T18:34:30 EET" duration-ms="4672" status="PASS">
          <reporter-output>
          </reporter-output>
        </test-method> <!-- verifyProductQuantityInCart -->
        <test-method is-config="true" signature="tearDown()[pri:0, instance:com.automationexercise.tests.TestCase13@3b7c80c6]" started-at="2025-01-22T18:34:30 EET" name="tearDown" finished-at="2025-01-22T18:34:31 EET" duration-ms="1415" status="PASS">
          <reporter-output>
          </reporter-output>
        </test-method> <!-- tearDown -->
      </class> <!-- com.automationexercise.tests.TestCase13 -->
      <class name="com.automationexercise.tests.TestCase14">
        <test-method is-config="true" signature="setup()[pri:0, instance:com.automationexercise.tests.TestCase14@3b2e5c0d]" started-at="2025-01-22T18:34:31 EET" name="setup" finished-at="2025-01-22T18:34:46 EET" duration-ms="14968" status="PASS">
          <reporter-output>
          </reporter-output>
        </test-method> <!-- setup -->
        <test-method signature="placeOrderRegisterWhileCheckout()[pri:0, instance:com.automationexercise.tests.TestCase14@3b2e5c0d]" started-at="2025-01-22T18:34:46 EET" name="placeOrderRegisterWhileCheckout" description="Test Case 14: Place Order: Register while Checkout" finished-at="2025-01-22T18:34:54 EET" duration-ms="7656" status="FAIL">
          <exception class="org.openqa.selenium.ElementClickInterceptedException">
            <message>
              <![CDATA[Element <select id="days" class="form-control" name="days"> is not clickable at point (251,637) because another element <iframe id="aswift_4" name="aswift_4" src="https://googleads.g.doubleclick.net/pagead/html/r20250116/r20190131/zrt_lookup_fy2021.html#RS-0-&adk=1812271801&client=ca-pub-1677597403311019&fa=1&ifi=5&uci=a!5&btvi=4"> obscures it
Build info: version: '4.9.0', revision: 'd7057100a6'
System info: os.name: 'Windows 11', os.arch: 'amd64', os.version: '10.0', java.version: '17.0.9'
Driver info: org.openqa.selenium.firefox.FirefoxDriver
Command: [eaa7143a-a81d-4e6a-b45a-2368bb1df9bc, clickElement {id=5cadb3e1-b2bc-43b6-bf5f-7919688ec8b7}]
Capabilities {acceptInsecureCerts: true, browserName: firefox, browserVersion: 133.0.3, moz:accessibilityChecks: false, moz:buildID: 20241209150345, moz:geckodriverVersion: 0.35.0, moz:headless: true, moz:platformVersion: 10.0, moz:processID: 6912, moz:profile: C:\Users\g525585\AppData\Lo..., moz:shutdownTimeout: 60000, moz:webdriverClick: true, moz:windowless: false, pageLoadStrategy: normal, platformName: WINDOWS, proxy: Proxy(), setWindowRect: true, strictFileInteractability: false, timeouts: {implicit: 0, pageLoad: 300000, script: 30000}, unhandledPromptBehavior: dismiss and notify, userAgent: Mozilla/5.0 (Windows NT 10....}
Element: [[[[FirefoxDriver: firefox on WINDOWS (eaa7143a-a81d-4e6a-b45a-2368bb1df9bc)] -> id: days]] -> xpath: .//option[@value = "1"]]
Session ID: eaa7143a-a81d-4e6a-b45a-2368bb1df9bc]]>
            </message>
            <full-stacktrace>
              <![CDATA[org.openqa.selenium.ElementClickInterceptedException: Element <select id="days" class="form-control" name="days"> is not clickable at point (251,637) because another element <iframe id="aswift_4" name="aswift_4" src="https://googleads.g.doubleclick.net/pagead/html/r20250116/r20190131/zrt_lookup_fy2021.html#RS-0-&adk=1812271801&client=ca-pub-1677597403311019&fa=1&ifi=5&uci=a!5&btvi=4"> obscures it
Build info: version: '4.9.0', revision: 'd7057100a6'
System info: os.name: 'Windows 11', os.arch: 'amd64', os.version: '10.0', java.version: '17.0.9'
Driver info: org.openqa.selenium.firefox.FirefoxDriver
Command: [eaa7143a-a81d-4e6a-b45a-2368bb1df9bc, clickElement {id=5cadb3e1-b2bc-43b6-bf5f-7919688ec8b7}]
Capabilities {acceptInsecureCerts: true, browserName: firefox, browserVersion: 133.0.3, moz:accessibilityChecks: false, moz:buildID: 20241209150345, moz:geckodriverVersion: 0.35.0, moz:headless: true, moz:platformVersion: 10.0, moz:processID: 6912, moz:profile: C:\Users\g525585\AppData\Lo..., moz:shutdownTimeout: 60000, moz:webdriverClick: true, moz:windowless: false, pageLoadStrategy: normal, platformName: WINDOWS, proxy: Proxy(), setWindowRect: true, strictFileInteractability: false, timeouts: {implicit: 0, pageLoad: 300000, script: 30000}, unhandledPromptBehavior: dismiss and notify, userAgent: Mozilla/5.0 (Windows NT 10....}
Element: [[[[FirefoxDriver: firefox on WINDOWS (eaa7143a-a81d-4e6a-b45a-2368bb1df9bc)] -> id: days]] -> xpath: .//option[@value = "1"]]
Session ID: eaa7143a-a81d-4e6a-b45a-2368bb1df9bc
at java.base/jdk.internal.reflect.NativeConstructorAccessorImpl.newInstance0(Native Method)
at java.base/jdk.internal.reflect.NativeConstructorAccessorImpl.newInstance(NativeConstructorAccessorImpl.java:77)
at java.base/jdk.internal.reflect.DelegatingConstructorAccessorImpl.newInstance(DelegatingConstructorAccessorImpl.java:45)
at java.base/java.lang.reflect.Constructor.newInstanceWithCaller(Constructor.java:499)
at java.base/java.lang.reflect.Constructor.newInstance(Constructor.java:480)
at org.openqa.selenium.remote.codec.w3c.W3CHttpResponseCodec.createException(W3CHttpResponseCodec.java:200)
at org.openqa.selenium.remote.codec.w3c.W3CHttpResponseCodec.decode(W3CHttpResponseCodec.java:133)
at org.openqa.selenium.remote.codec.w3c.W3CHttpResponseCodec.decode(W3CHttpResponseCodec.java:53)
at org.openqa.selenium.remote.HttpCommandExecutor.execute(HttpCommandExecutor.java:193)
at org.openqa.selenium.remote.service.DriverCommandExecutor.invokeExecute(DriverCommandExecutor.java:183)
at org.openqa.selenium.remote.service.DriverCommandExecutor.execute(DriverCommandExecutor.java:158)
at org.openqa.selenium.remote.RemoteWebDriver.execute(RemoteWebDriver.java:543)
at org.openqa.selenium.remote.RemoteWebElement.execute(RemoteWebElement.java:257)
at org.openqa.selenium.remote.RemoteWebElement.click(RemoteWebElement.java:78)
at org.openqa.selenium.support.ui.Select.setSelected(Select.java:320)
at org.openqa.selenium.support.ui.Select.selectByValue(Select.java:195)
at com.automationexercise.pages.EnterAccountInformationPage.fillAccountDetails(EnterAccountInformationPage.java:90)
at com.automationexercise.tests.TestCase14.verifyAccountCreatedAndClickContinueButton(TestCase14.java:69)
at com.automationexercise.tests.TestCase14.placeOrderRegisterWhileCheckout(TestCase14.java:48)
at java.base/jdk.internal.reflect.NativeMethodAccessorImpl.invoke0(Native Method)
at java.base/jdk.internal.reflect.NativeMethodAccessorImpl.invoke(NativeMethodAccessorImpl.java:77)
at java.base/jdk.internal.reflect.DelegatingMethodAccessorImpl.invoke(DelegatingMethodAccessorImpl.java:43)
at java.base/java.lang.reflect.Method.invoke(Method.java:568)
at org.testng.internal.invokers.MethodInvocationHelper.invokeMethod(MethodInvocationHelper.java:139)
at org.testng.internal.invokers.TestInvoker.invokeMethod(TestInvoker.java:677)
at org.testng.internal.invokers.TestInvoker.invokeTestMethod(TestInvoker.java:221)
at org.testng.internal.invokers.MethodRunner.runInSequence(MethodRunner.java:50)
at org.testng.internal.invokers.TestInvoker$MethodInvocationAgent.invoke(TestInvoker.java:969)
at org.testng.internal.invokers.TestInvoker.invokeTestMethods(TestInvoker.java:194)
at org.testng.internal.invokers.TestMethodWorker.invokeTestMethods(TestMethodWorker.java:148)
at org.testng.internal.invokers.TestMethodWorker.run(TestMethodWorker.java:128)
at java.base/java.util.concurrent.ThreadPoolExecutor.runWorker(ThreadPoolExecutor.java:1136)
at java.base/java.util.concurrent.ThreadPoolExecutor$Worker.run(ThreadPoolExecutor.java:635)
at java.base/java.lang.Thread.run(Thread.java:842)
]]>
            </full-stacktrace>
          </exception> <!-- org.openqa.selenium.ElementClickInterceptedException -->
          <reporter-output>
          </reporter-output>
        </test-method> <!-- placeOrderRegisterWhileCheckout -->
        <test-method is-config="true" signature="tearDown()[pri:0, instance:com.automationexercise.tests.TestCase14@3b2e5c0d]" started-at="2025-01-22T18:34:54 EET" name="tearDown" finished-at="2025-01-22T18:34:55 EET" duration-ms="1594" status="PASS">
          <reporter-output>
          </reporter-output>
        </test-method> <!-- tearDown -->
      </class> <!-- com.automationexercise.tests.TestCase14 -->
      <class name="com.automationexercise.tests.TestCase15">
        <test-method is-config="true" signature="setup()[pri:0, instance:com.automationexercise.tests.TestCase15@7499eac7]" started-at="2025-01-22T18:34:55 EET" name="setup" finished-at="2025-01-22T18:35:08 EET" duration-ms="12110" status="PASS">
          <reporter-output>
          </reporter-output>
        </test-method> <!-- setup -->
        <test-method signature="placeOrderRegisterBeforeCheckout()[pri:0, instance:com.automationexercise.tests.TestCase15@7499eac7]" started-at="2025-01-22T18:35:08 EET" name="placeOrderRegisterBeforeCheckout" description="Test Case 15: Place Order: Register before Checkout" finished-at="2025-01-22T18:35:12 EET" duration-ms="4241" status="FAIL">
          <exception class="org.openqa.selenium.ElementClickInterceptedException">
            <message>
              <![CDATA[Element <select id="days" class="form-control" name="days"> is not clickable at point (251,637) because another element <iframe id="aswift_4" name="aswift_4" src="https://googleads.g.doubleclick.net/pagead/html/r20250116/r20190131/zrt_lookup_fy2021.html#RS-0-&adk=1812271801&client=ca-pub-1677597403311019&fa=1&ifi=5&uci=a!5&btvi=4"> obscures it
Build info: version: '4.9.0', revision: 'd7057100a6'
System info: os.name: 'Windows 11', os.arch: 'amd64', os.version: '10.0', java.version: '17.0.9'
Driver info: org.openqa.selenium.firefox.FirefoxDriver
Command: [941e39a9-044e-4430-9735-78fc9acca05e, clickElement {id=7c4cd3b8-e3ed-42a2-8617-7ad0baf6a4dd}]
Capabilities {acceptInsecureCerts: true, browserName: firefox, browserVersion: 133.0.3, moz:accessibilityChecks: false, moz:buildID: 20241209150345, moz:geckodriverVersion: 0.35.0, moz:headless: true, moz:platformVersion: 10.0, moz:processID: 26620, moz:profile: C:\Users\g525585\AppData\Lo..., moz:shutdownTimeout: 60000, moz:webdriverClick: true, moz:windowless: false, pageLoadStrategy: normal, platformName: WINDOWS, proxy: Proxy(), setWindowRect: true, strictFileInteractability: false, timeouts: {implicit: 0, pageLoad: 300000, script: 30000}, unhandledPromptBehavior: dismiss and notify, userAgent: Mozilla/5.0 (Windows NT 10....}
Element: [[[[FirefoxDriver: firefox on WINDOWS (941e39a9-044e-4430-9735-78fc9acca05e)] -> id: days]] -> xpath: .//option[@value = "1"]]
Session ID: 941e39a9-044e-4430-9735-78fc9acca05e]]>
            </message>
            <full-stacktrace>
              <![CDATA[org.openqa.selenium.ElementClickInterceptedException: Element <select id="days" class="form-control" name="days"> is not clickable at point (251,637) because another element <iframe id="aswift_4" name="aswift_4" src="https://googleads.g.doubleclick.net/pagead/html/r20250116/r20190131/zrt_lookup_fy2021.html#RS-0-&adk=1812271801&client=ca-pub-1677597403311019&fa=1&ifi=5&uci=a!5&btvi=4"> obscures it
Build info: version: '4.9.0', revision: 'd7057100a6'
System info: os.name: 'Windows 11', os.arch: 'amd64', os.version: '10.0', java.version: '17.0.9'
Driver info: org.openqa.selenium.firefox.FirefoxDriver
Command: [941e39a9-044e-4430-9735-78fc9acca05e, clickElement {id=7c4cd3b8-e3ed-42a2-8617-7ad0baf6a4dd}]
Capabilities {acceptInsecureCerts: true, browserName: firefox, browserVersion: 133.0.3, moz:accessibilityChecks: false, moz:buildID: 20241209150345, moz:geckodriverVersion: 0.35.0, moz:headless: true, moz:platformVersion: 10.0, moz:processID: 26620, moz:profile: C:\Users\g525585\AppData\Lo..., moz:shutdownTimeout: 60000, moz:webdriverClick: true, moz:windowless: false, pageLoadStrategy: normal, platformName: WINDOWS, proxy: Proxy(), setWindowRect: true, strictFileInteractability: false, timeouts: {implicit: 0, pageLoad: 300000, script: 30000}, unhandledPromptBehavior: dismiss and notify, userAgent: Mozilla/5.0 (Windows NT 10....}
Element: [[[[FirefoxDriver: firefox on WINDOWS (941e39a9-044e-4430-9735-78fc9acca05e)] -> id: days]] -> xpath: .//option[@value = "1"]]
Session ID: 941e39a9-044e-4430-9735-78fc9acca05e
at java.base/jdk.internal.reflect.NativeConstructorAccessorImpl.newInstance0(Native Method)
at java.base/jdk.internal.reflect.NativeConstructorAccessorImpl.newInstance(NativeConstructorAccessorImpl.java:77)
at java.base/jdk.internal.reflect.DelegatingConstructorAccessorImpl.newInstance(DelegatingConstructorAccessorImpl.java:45)
at java.base/java.lang.reflect.Constructor.newInstanceWithCaller(Constructor.java:499)
at java.base/java.lang.reflect.Constructor.newInstance(Constructor.java:480)
at org.openqa.selenium.remote.codec.w3c.W3CHttpResponseCodec.createException(W3CHttpResponseCodec.java:200)
at org.openqa.selenium.remote.codec.w3c.W3CHttpResponseCodec.decode(W3CHttpResponseCodec.java:133)
at org.openqa.selenium.remote.codec.w3c.W3CHttpResponseCodec.decode(W3CHttpResponseCodec.java:53)
at org.openqa.selenium.remote.HttpCommandExecutor.execute(HttpCommandExecutor.java:193)
at org.openqa.selenium.remote.service.DriverCommandExecutor.invokeExecute(DriverCommandExecutor.java:183)
at org.openqa.selenium.remote.service.DriverCommandExecutor.execute(DriverCommandExecutor.java:158)
at org.openqa.selenium.remote.RemoteWebDriver.execute(RemoteWebDriver.java:543)
at org.openqa.selenium.remote.RemoteWebElement.execute(RemoteWebElement.java:257)
at org.openqa.selenium.remote.RemoteWebElement.click(RemoteWebElement.java:78)
at org.openqa.selenium.support.ui.Select.setSelected(Select.java:320)
at org.openqa.selenium.support.ui.Select.selectByValue(Select.java:195)
at com.automationexercise.pages.EnterAccountInformationPage.fillAccountDetails(EnterAccountInformationPage.java:90)
at com.automationexercise.tests.TestCase14.verifyAccountCreatedAndClickContinueButton(TestCase14.java:69)
at com.automationexercise.tests.TestCase15.placeOrderRegisterBeforeCheckout(TestCase15.java:42)
at java.base/jdk.internal.reflect.NativeMethodAccessorImpl.invoke0(Native Method)
at java.base/jdk.internal.reflect.NativeMethodAccessorImpl.invoke(NativeMethodAccessorImpl.java:77)
at java.base/jdk.internal.reflect.DelegatingMethodAccessorImpl.invoke(DelegatingMethodAccessorImpl.java:43)
at java.base/java.lang.reflect.Method.invoke(Method.java:568)
at org.testng.internal.invokers.MethodInvocationHelper.invokeMethod(MethodInvocationHelper.java:139)
at org.testng.internal.invokers.TestInvoker.invokeMethod(TestInvoker.java:677)
at org.testng.internal.invokers.TestInvoker.invokeTestMethod(TestInvoker.java:221)
at org.testng.internal.invokers.MethodRunner.runInSequence(MethodRunner.java:50)
at org.testng.internal.invokers.TestInvoker$MethodInvocationAgent.invoke(TestInvoker.java:969)
at org.testng.internal.invokers.TestInvoker.invokeTestMethods(TestInvoker.java:194)
at org.testng.internal.invokers.TestMethodWorker.invokeTestMethods(TestMethodWorker.java:148)
at org.testng.internal.invokers.TestMethodWorker.run(TestMethodWorker.java:128)
at java.base/java.util.concurrent.ThreadPoolExecutor.runWorker(ThreadPoolExecutor.java:1136)
at java.base/java.util.concurrent.ThreadPoolExecutor$Worker.run(ThreadPoolExecutor.java:635)
at java.base/java.lang.Thread.run(Thread.java:842)
]]>
            </full-stacktrace>
          </exception> <!-- org.openqa.selenium.ElementClickInterceptedException -->
          <reporter-output>
          </reporter-output>
        </test-method> <!-- placeOrderRegisterBeforeCheckout -->
        <test-method is-config="true" signature="tearDown()[pri:0, instance:com.automationexercise.tests.TestCase15@7499eac7]" started-at="2025-01-22T18:35:12 EET" name="tearDown" finished-at="2025-01-22T18:35:13 EET" duration-ms="1616" status="PASS">
          <reporter-output>
          </reporter-output>
        </test-method> <!-- tearDown -->
      </class> <!-- com.automationexercise.tests.TestCase15 -->
      <class name="com.automationexercise.tests.TestCase16">
        <test-method is-config="true" signature="setup()[pri:0, instance:com.automationexercise.tests.TestCase16@5438c17a]" started-at="2025-01-22T18:35:13 EET" name="setup" finished-at="2025-01-22T18:35:26 EET" duration-ms="12104" status="PASS">
          <reporter-output>
          </reporter-output>
        </test-method> <!-- setup -->
        <test-method signature="placeOrderLoginBeforeCheckout()[pri:0, instance:com.automationexercise.tests.TestCase16@5438c17a]" started-at="2025-01-22T18:35:26 EET" name="placeOrderLoginBeforeCheckout" description="Test Case 16: Place Order: Login before Checkout" finished-at="2025-01-22T18:35:29 EET" duration-ms="3316" status="FAIL">
          <exception class="org.openqa.selenium.NoSuchElementException">
            <message>
              <![CDATA[Unable to locate element: //*[@id='header']/div/div/div/div[2]/div/ul/li[10]/a/b
For documentation on this error, please visit: https://selenium.dev/exceptions/#no_such_element
Build info: version: '4.9.0', revision: 'd7057100a6'
System info: os.name: 'Windows 11', os.arch: 'amd64', os.version: '10.0', java.version: '17.0.9'
Driver info: org.openqa.selenium.firefox.FirefoxDriver
Command: [212b257e-1457-4ba1-ba1c-19256a8dad45, findElement {using=xpath, value=//*[@id='header']/div/div/div/div[2]/div/ul/li[10]/a/b}]
Capabilities {acceptInsecureCerts: true, browserName: firefox, browserVersion: 133.0.3, moz:accessibilityChecks: false, moz:buildID: 20241209150345, moz:geckodriverVersion: 0.35.0, moz:headless: true, moz:platformVersion: 10.0, moz:processID: 18812, moz:profile: C:\Users\g525585\AppData\Lo..., moz:shutdownTimeout: 60000, moz:webdriverClick: true, moz:windowless: false, pageLoadStrategy: normal, platformName: WINDOWS, proxy: Proxy(), setWindowRect: true, strictFileInteractability: false, timeouts: {implicit: 0, pageLoad: 300000, script: 30000}, unhandledPromptBehavior: dismiss and notify, userAgent: Mozilla/5.0 (Windows NT 10....}
Session ID: 212b257e-1457-4ba1-ba1c-19256a8dad45]]>
            </message>
            <full-stacktrace>
              <![CDATA[org.openqa.selenium.NoSuchElementException: Unable to locate element: //*[@id='header']/div/div/div/div[2]/div/ul/li[10]/a/b
For documentation on this error, please visit: https://selenium.dev/exceptions/#no_such_element
Build info: version: '4.9.0', revision: 'd7057100a6'
System info: os.name: 'Windows 11', os.arch: 'amd64', os.version: '10.0', java.version: '17.0.9'
Driver info: org.openqa.selenium.firefox.FirefoxDriver
Command: [212b257e-1457-4ba1-ba1c-19256a8dad45, findElement {using=xpath, value=//*[@id='header']/div/div/div/div[2]/div/ul/li[10]/a/b}]
Capabilities {acceptInsecureCerts: true, browserName: firefox, browserVersion: 133.0.3, moz:accessibilityChecks: false, moz:buildID: 20241209150345, moz:geckodriverVersion: 0.35.0, moz:headless: true, moz:platformVersion: 10.0, moz:processID: 18812, moz:profile: C:\Users\g525585\AppData\Lo..., moz:shutdownTimeout: 60000, moz:webdriverClick: true, moz:windowless: false, pageLoadStrategy: normal, platformName: WINDOWS, proxy: Proxy(), setWindowRect: true, strictFileInteractability: false, timeouts: {implicit: 0, pageLoad: 300000, script: 30000}, unhandledPromptBehavior: dismiss and notify, userAgent: Mozilla/5.0 (Windows NT 10....}
Session ID: 212b257e-1457-4ba1-ba1c-19256a8dad45
at java.base/jdk.internal.reflect.NativeConstructorAccessorImpl.newInstance0(Native Method)
at java.base/jdk.internal.reflect.NativeConstructorAccessorImpl.newInstance(NativeConstructorAccessorImpl.java:77)
at java.base/jdk.internal.reflect.DelegatingConstructorAccessorImpl.newInstance(DelegatingConstructorAccessorImpl.java:45)
at java.base/java.lang.reflect.Constructor.newInstanceWithCaller(Constructor.java:499)
at java.base/java.lang.reflect.Constructor.newInstance(Constructor.java:480)
at org.openqa.selenium.remote.codec.w3c.W3CHttpResponseCodec.createException(W3CHttpResponseCodec.java:200)
at org.openqa.selenium.remote.codec.w3c.W3CHttpResponseCodec.decode(W3CHttpResponseCodec.java:133)
at org.openqa.selenium.remote.codec.w3c.W3CHttpResponseCodec.decode(W3CHttpResponseCodec.java:53)
at org.openqa.selenium.remote.HttpCommandExecutor.execute(HttpCommandExecutor.java:193)
at org.openqa.selenium.remote.service.DriverCommandExecutor.invokeExecute(DriverCommandExecutor.java:183)
at org.openqa.selenium.remote.service.DriverCommandExecutor.execute(DriverCommandExecutor.java:158)
at org.openqa.selenium.remote.RemoteWebDriver.execute(RemoteWebDriver.java:543)
at org.openqa.selenium.remote.ElementLocation$ElementFinder$2.findElement(ElementLocation.java:162)
at org.openqa.selenium.remote.ElementLocation.findElement(ElementLocation.java:60)
at org.openqa.selenium.remote.RemoteWebDriver.findElement(RemoteWebDriver.java:352)
at org.openqa.selenium.remote.RemoteWebDriver.findElement(RemoteWebDriver.java:344)
at org.openqa.selenium.support.pagefactory.DefaultElementLocator.findElement(DefaultElementLocator.java:70)
at org.openqa.selenium.support.pagefactory.internal.LocatingElementHandler.invoke(LocatingElementHandler.java:39)
at jdk.proxy2/jdk.proxy2.$Proxy22.getText(Unknown Source)
at com.automationexercise.tests.TestCase16.verifyLoggedInAsUsernameAtTop(TestCase16.java:53)
at com.automationexercise.tests.TestCase16.placeOrderLoginBeforeCheckout(TestCase16.java:42)
at java.base/jdk.internal.reflect.NativeMethodAccessorImpl.invoke0(Native Method)
at java.base/jdk.internal.reflect.NativeMethodAccessorImpl.invoke(NativeMethodAccessorImpl.java:77)
at java.base/jdk.internal.reflect.DelegatingMethodAccessorImpl.invoke(DelegatingMethodAccessorImpl.java:43)
at java.base/java.lang.reflect.Method.invoke(Method.java:568)
at org.testng.internal.invokers.MethodInvocationHelper.invokeMethod(MethodInvocationHelper.java:139)
at org.testng.internal.invokers.TestInvoker.invokeMethod(TestInvoker.java:677)
at org.testng.internal.invokers.TestInvoker.invokeTestMethod(TestInvoker.java:221)
at org.testng.internal.invokers.MethodRunner.runInSequence(MethodRunner.java:50)
at org.testng.internal.invokers.TestInvoker$MethodInvocationAgent.invoke(TestInvoker.java:969)
at org.testng.internal.invokers.TestInvoker.invokeTestMethods(TestInvoker.java:194)
at org.testng.internal.invokers.TestMethodWorker.invokeTestMethods(TestMethodWorker.java:148)
at org.testng.internal.invokers.TestMethodWorker.run(TestMethodWorker.java:128)
at java.base/java.util.concurrent.ThreadPoolExecutor.runWorker(ThreadPoolExecutor.java:1136)
at java.base/java.util.concurrent.ThreadPoolExecutor$Worker.run(ThreadPoolExecutor.java:635)
at java.base/java.lang.Thread.run(Thread.java:842)
]]>
            </full-stacktrace>
          </exception> <!-- org.openqa.selenium.NoSuchElementException -->
          <reporter-output>
          </reporter-output>
        </test-method> <!-- placeOrderLoginBeforeCheckout -->
        <test-method is-config="true" signature="tearDown()[pri:0, instance:com.automationexercise.tests.TestCase16@5438c17a]" started-at="2025-01-22T18:35:29 EET" name="tearDown" finished-at="2025-01-22T18:35:30 EET" duration-ms="1482" status="PASS">
          <reporter-output>
          </reporter-output>
        </test-method> <!-- tearDown -->
      </class> <!-- com.automationexercise.tests.TestCase16 -->
      <class name="com.automationexercise.tests.TestCase17">
        <test-method is-config="true" signature="setup()[pri:0, instance:com.automationexercise.tests.TestCase17@b9d018b]" started-at="2025-01-22T18:35:30 EET" name="setup" finished-at="2025-01-22T18:35:44 EET" duration-ms="14175" status="PASS">
          <reporter-output>
          </reporter-output>
        </test-method> <!-- setup -->
        <test-method signature="removeProductsFromCart()[pri:0, instance:com.automationexercise.tests.TestCase17@b9d018b]" started-at="2025-01-22T18:35:45 EET" name="removeProductsFromCart" description="Test Case 17: Remove Products From Cart" finished-at="2025-01-22T18:35:49 EET" duration-ms="4925" status="PASS">
          <reporter-output>
          </reporter-output>
        </test-method> <!-- removeProductsFromCart -->
        <test-method is-config="true" signature="tearDown()[pri:0, instance:com.automationexercise.tests.TestCase17@b9d018b]" started-at="2025-01-22T18:35:49 EET" name="tearDown" finished-at="2025-01-22T18:35:51 EET" duration-ms="1409" status="PASS">
          <reporter-output>
          </reporter-output>
        </test-method> <!-- tearDown -->
      </class> <!-- com.automationexercise.tests.TestCase17 -->
      <class name="com.automationexercise.tests.TestCase20">
        <test-method is-config="true" signature="setup()[pri:0, instance:com.automationexercise.tests.TestCase20@6b4fc2d1]" started-at="2025-01-22T18:36:39 EET" name="setup" finished-at="2025-01-22T18:36:54 EET" duration-ms="14526" status="PASS">
          <reporter-output>
          </reporter-output>
        </test-method> <!-- setup -->
        <test-method signature="searchProductsAndVerifyCartAfterLogin()[pri:0, instance:com.automationexercise.tests.TestCase20@6b4fc2d1]" started-at="2025-01-22T18:36:54 EET" name="searchProductsAndVerifyCartAfterLogin" description="Test Case 20: Search Products and Verify Cart After Login" finished-at="2025-01-22T18:37:20 EET" duration-ms="26010" status="PASS">
          <reporter-output>
          </reporter-output>
        </test-method> <!-- searchProductsAndVerifyCartAfterLogin -->
        <test-method is-config="true" signature="tearDown()[pri:0, instance:com.automationexercise.tests.TestCase20@6b4fc2d1]" started-at="2025-01-22T18:37:20 EET" name="tearDown" finished-at="2025-01-22T18:37:23 EET" duration-ms="2928" status="PASS">
          <reporter-output>
          </reporter-output>
        </test-method> <!-- tearDown -->
      </class> <!-- com.automationexercise.tests.TestCase20 -->
    </test> <!-- Test -->
  </suite> <!-- Suite -->
</testng-results>
